00:38:19:490  INFO 11246 --- [nacos-grpc-client-executor-1924] com.alibaba.nacos.common.remote.client   : [700ca6de-7100-4e5d-a253-9ea7f7db9aae] Receive server push request, request = ClientDetectionRequest, requestId = 44
00:38:19:500  INFO 11246 --- [nacos-grpc-client-executor-1924] com.alibaba.nacos.common.remote.client   : [700ca6de-7100-4e5d-a253-9ea7f7db9aae] Ack server push request, request = ClientDetectionRequest, requestId = 44
00:54:44:523  INFO 11246 --- [nacos-grpc-client-executor-1937] com.alibaba.nacos.common.remote.client   : [700ca6de-7100-4e5d-a253-9ea7f7db9aae] Receive server push request, request = ClientDetectionRequest, requestId = 48
00:54:44:528  INFO 11246 --- [nacos-grpc-client-executor-1937] com.alibaba.nacos.common.remote.client   : [700ca6de-7100-4e5d-a253-9ea7f7db9aae] Ack server push request, request = ClientDetectionRequest, requestId = 48
01:55:39:055  INFO 11246 --- [nacos-grpc-client-executor-2674] com.alibaba.nacos.common.remote.client   : [1597a7ca-69b6-455f-9806-b5ca54817f0e_config-0] Receive server push request, request = ClientDetectionRequest, requestId = 51
01:55:39:055  INFO 11246 --- [nacos-grpc-client-executor-2754] com.alibaba.nacos.common.remote.client   : [700ca6de-7100-4e5d-a253-9ea7f7db9aae] Receive server push request, request = ClientDetectionRequest, requestId = 53
01:55:39:058  INFO 11246 --- [nacos-grpc-client-executor-2754] com.alibaba.nacos.common.remote.client   : [700ca6de-7100-4e5d-a253-9ea7f7db9aae] Ack server push request, request = ClientDetectionRequest, requestId = 53
01:55:39:058  INFO 11246 --- [nacos-grpc-client-executor-2674] com.alibaba.nacos.common.remote.client   : [1597a7ca-69b6-455f-9806-b5ca54817f0e_config-0] Ack server push request, request = ClientDetectionRequest, requestId = 51
01:58:08:916  INFO 11246 --- [nacos-grpc-client-executor-2768] com.alibaba.nacos.common.remote.client   : [700ca6de-7100-4e5d-a253-9ea7f7db9aae] Receive server push request, request = ClientDetectionRequest, requestId = 61
01:58:08:916  INFO 11246 --- [nacos-grpc-client-executor-2687] com.alibaba.nacos.common.remote.client   : [1597a7ca-69b6-455f-9806-b5ca54817f0e_config-0] Receive server push request, request = ClientDetectionRequest, requestId = 59
01:58:08:919  INFO 11246 --- [nacos-grpc-client-executor-2768] com.alibaba.nacos.common.remote.client   : [700ca6de-7100-4e5d-a253-9ea7f7db9aae] Ack server push request, request = ClientDetectionRequest, requestId = 61
01:58:08:920  INFO 11246 --- [nacos-grpc-client-executor-2687] com.alibaba.nacos.common.remote.client   : [1597a7ca-69b6-455f-9806-b5ca54817f0e_config-0] Ack server push request, request = ClientDetectionRequest, requestId = 59
02:14:04:036  INFO 11246 --- [nacos-grpc-client-executor-2777] com.alibaba.nacos.common.remote.client   : [700ca6de-7100-4e5d-a253-9ea7f7db9aae] Receive server push request, request = ClientDetectionRequest, requestId = 69
02:14:04:036  INFO 11246 --- [nacos-grpc-client-executor-2694] com.alibaba.nacos.common.remote.client   : [1597a7ca-69b6-455f-9806-b5ca54817f0e_config-0] Receive server push request, request = ClientDetectionRequest, requestId = 67
02:14:04:038  INFO 11246 --- [nacos-grpc-client-executor-2777] com.alibaba.nacos.common.remote.client   : [700ca6de-7100-4e5d-a253-9ea7f7db9aae] Ack server push request, request = ClientDetectionRequest, requestId = 69
02:14:04:039  INFO 11246 --- [nacos-grpc-client-executor-2694] com.alibaba.nacos.common.remote.client   : [1597a7ca-69b6-455f-9806-b5ca54817f0e_config-0] Ack server push request, request = ClientDetectionRequest, requestId = 67
02:14:04:079 ERROR 11246 --- [nacos-grpc-client-executor-2778] c.a.n.c.remote.client.grpc.GrpcClient    : [1784119654507_192.168.65.1_34615]Request stream onCompleted, switch server
02:14:04:084  INFO 11246 --- [com.alibaba.nacos.client.remote.worker] com.alibaba.nacos.common.remote.client   : [700ca6de-7100-4e5d-a253-9ea7f7db9aae] Try to reconnect to a new server, server is  not appointed, will choose a random server.
02:14:04:236  INFO 11246 --- [com.alibaba.nacos.client.remote.worker] com.alibaba.nacos.common.remote.client   : [700ca6de-7100-4e5d-a253-9ea7f7db9aae] Success to connect a server [127.0.0.1:8848], connectionId = 1784139244119_192.168.65.1_43159
02:14:04:236  INFO 11246 --- [com.alibaba.nacos.client.remote.worker] com.alibaba.nacos.common.remote.client   : [700ca6de-7100-4e5d-a253-9ea7f7db9aae] Abandon prev connection, server is 127.0.0.1:8848, connectionId is 1784119654507_192.168.65.1_34615
02:14:04:236  INFO 11246 --- [com.alibaba.nacos.client.remote.worker] com.alibaba.nacos.common.remote.client   : Close current connection 1784119654507_192.168.65.1_34615
02:14:04:242  INFO 11246 --- [com.alibaba.nacos.client.remote.worker] com.alibaba.nacos.common.remote.client   : [700ca6de-7100-4e5d-a253-9ea7f7db9aae] Notify disconnected event to listeners
02:14:04:245  INFO 11246 --- [com.alibaba.nacos.client.remote.worker] com.alibaba.nacos.common.remote.client   : [700ca6de-7100-4e5d-a253-9ea7f7db9aae] Notify connected event to listeners.
02:14:07:112  INFO 11246 --- [nacos-grpc-client-executor-2787] com.alibaba.nacos.common.remote.client   : [700ca6de-7100-4e5d-a253-9ea7f7db9aae] Receive server push request, request = NotifySubscriberRequest, requestId = 74
02:14:07:112  INFO 11246 --- [nacos-grpc-client-executor-2787] com.alibaba.nacos.common.remote.client   : [700ca6de-7100-4e5d-a253-9ea7f7db9aae] Ack server push request, request = NotifySubscriberRequest, requestId = 74
02:30:29:129  INFO 11246 --- [nacos-grpc-client-executor-2708] com.alibaba.nacos.common.remote.client   : [1597a7ca-69b6-455f-9806-b5ca54817f0e_config-0] Receive server push request, request = ClientDetectionRequest, requestId = 75
02:30:29:132  INFO 11246 --- [nacos-grpc-client-executor-2708] com.alibaba.nacos.common.remote.client   : [1597a7ca-69b6-455f-9806-b5ca54817f0e_config-0] Ack server push request, request = ClientDetectionRequest, requestId = 75
02:30:29:143  INFO 11246 --- [nacos-grpc-client-executor-2801] com.alibaba.nacos.common.remote.client   : [700ca6de-7100-4e5d-a253-9ea7f7db9aae] Receive server push request, request = ClientDetectionRequest, requestId = 78
02:30:29:143  INFO 11246 --- [nacos-grpc-client-executor-2801] com.alibaba.nacos.common.remote.client   : [700ca6de-7100-4e5d-a253-9ea7f7db9aae] Ack server push request, request = ClientDetectionRequest, requestId = 78
02:39:10:570  INFO 11246 --- [nacos-grpc-client-executor-2717] com.alibaba.nacos.common.remote.client   : [1597a7ca-69b6-455f-9806-b5ca54817f0e_config-0] Receive server push request, request = ClientDetectionRequest, requestId = 83
02:39:10:571  INFO 11246 --- [nacos-grpc-client-executor-2717] com.alibaba.nacos.common.remote.client   : [1597a7ca-69b6-455f-9806-b5ca54817f0e_config-0] Ack server push request, request = ClientDetectionRequest, requestId = 83
02:39:10:577  INFO 11246 --- [nacos-grpc-client-executor-2807] com.alibaba.nacos.common.remote.client   : [700ca6de-7100-4e5d-a253-9ea7f7db9aae] Receive server push request, request = ClientDetectionRequest, requestId = 87
02:39:10:577  INFO 11246 --- [nacos-grpc-client-executor-2807] com.alibaba.nacos.common.remote.client   : [700ca6de-7100-4e5d-a253-9ea7f7db9aae] Ack server push request, request = ClientDetectionRequest, requestId = 87
03:55:04:980  INFO 11246 --- [nacos-grpc-client-executor-3655] com.alibaba.nacos.common.remote.client   : [700ca6de-7100-4e5d-a253-9ea7f7db9aae] Receive server push request, request = ClientDetectionRequest, requestId = 96
03:55:04:982  INFO 11246 --- [nacos-grpc-client-executor-3655] com.alibaba.nacos.common.remote.client   : [700ca6de-7100-4e5d-a253-9ea7f7db9aae] Ack server push request, request = ClientDetectionRequest, requestId = 96
03:55:04:980  INFO 11246 --- [nacos-grpc-client-executor-3485] com.alibaba.nacos.common.remote.client   : [1597a7ca-69b6-455f-9806-b5ca54817f0e_config-0] Receive server push request, request = ClientDetectionRequest, requestId = 92
03:55:04:983  INFO 11246 --- [nacos-grpc-client-executor-3485] com.alibaba.nacos.common.remote.client   : [1597a7ca-69b6-455f-9806-b5ca54817f0e_config-0] Ack server push request, request = ClientDetectionRequest, requestId = 92
04:10:59:943  INFO 11246 --- [nacos-grpc-client-executor-3492] com.alibaba.nacos.common.remote.client   : [1597a7ca-69b6-455f-9806-b5ca54817f0e_config-0] Receive server push request, request = ClientDetectionRequest, requestId = 101
04:10:59:945  INFO 11246 --- [nacos-grpc-client-executor-3492] com.alibaba.nacos.common.remote.client   : [1597a7ca-69b6-455f-9806-b5ca54817f0e_config-0] Ack server push request, request = ClientDetectionRequest, requestId = 101
04:10:59:946  INFO 11246 --- [nacos-grpc-client-executor-3661] com.alibaba.nacos.common.remote.client   : [700ca6de-7100-4e5d-a253-9ea7f7db9aae] Receive server push request, request = ClientDetectionRequest, requestId = 105
04:10:59:947  INFO 11246 --- [nacos-grpc-client-executor-3661] com.alibaba.nacos.common.remote.client   : [700ca6de-7100-4e5d-a253-9ea7f7db9aae] Ack server push request, request = ClientDetectionRequest, requestId = 105
04:27:24:948  INFO 11246 --- [nacos-grpc-client-executor-3503] com.alibaba.nacos.common.remote.client   : [1597a7ca-69b6-455f-9806-b5ca54817f0e_config-0] Receive server push request, request = ClientDetectionRequest, requestId = 110
04:27:24:950  INFO 11246 --- [nacos-grpc-client-executor-3675] com.alibaba.nacos.common.remote.client   : [700ca6de-7100-4e5d-a253-9ea7f7db9aae] Receive server push request, request = ClientDetectionRequest, requestId = 114
04:27:24:952  INFO 11246 --- [nacos-grpc-client-executor-3675] com.alibaba.nacos.common.remote.client   : [700ca6de-7100-4e5d-a253-9ea7f7db9aae] Ack server push request, request = ClientDetectionRequest, requestId = 114
04:27:24:952  INFO 11246 --- [nacos-grpc-client-executor-3503] com.alibaba.nacos.common.remote.client   : [1597a7ca-69b6-455f-9806-b5ca54817f0e_config-0] Ack server push request, request = ClientDetectionRequest, requestId = 110
04:40:09:575  INFO 11246 --- [nacos-grpc-client-executor-3683] com.alibaba.nacos.common.remote.client   : [700ca6de-7100-4e5d-a253-9ea7f7db9aae] Receive server push request, request = ClientDetectionRequest, requestId = 123
04:40:09:575  INFO 11246 --- [nacos-grpc-client-executor-3683] com.alibaba.nacos.common.remote.client   : [700ca6de-7100-4e5d-a253-9ea7f7db9aae] Ack server push request, request = ClientDetectionRequest, requestId = 123
04:40:09:577  INFO 11246 --- [nacos-grpc-client-executor-3510] com.alibaba.nacos.common.remote.client   : [1597a7ca-69b6-455f-9806-b5ca54817f0e_config-0] Receive server push request, request = ClientDetectionRequest, requestId = 119
04:40:09:577  INFO 11246 --- [nacos-grpc-client-executor-3510] com.alibaba.nacos.common.remote.client   : [1597a7ca-69b6-455f-9806-b5ca54817f0e_config-0] Ack server push request, request = ClientDetectionRequest, requestId = 119
04:57:04:736  INFO 11246 --- [nacos-grpc-client-executor-3529] com.alibaba.nacos.common.remote.client   : [1597a7ca-69b6-455f-9806-b5ca54817f0e_config-0] Receive server push request, request = ClientDetectionRequest, requestId = 128
04:57:04:738  INFO 11246 --- [nacos-grpc-client-executor-3529] com.alibaba.nacos.common.remote.client   : [1597a7ca-69b6-455f-9806-b5ca54817f0e_config-0] Ack server push request, request = ClientDetectionRequest, requestId = 128
04:57:04:736  INFO 11246 --- [nacos-grpc-client-executor-3703] com.alibaba.nacos.common.remote.client   : [700ca6de-7100-4e5d-a253-9ea7f7db9aae] Receive server push request, request = ClientDetectionRequest, requestId = 132
04:57:04:738  INFO 11246 --- [nacos-grpc-client-executor-3703] com.alibaba.nacos.common.remote.client   : [700ca6de-7100-4e5d-a253-9ea7f7db9aae] Ack server push request, request = ClientDetectionRequest, requestId = 132
05:12:59:808  INFO 11246 --- [nacos-grpc-client-executor-3537] com.alibaba.nacos.common.remote.client   : [1597a7ca-69b6-455f-9806-b5ca54817f0e_config-0] Receive server push request, request = ClientDetectionRequest, requestId = 140
05:12:59:809  INFO 11246 --- [nacos-grpc-client-executor-3537] com.alibaba.nacos.common.remote.client   : [1597a7ca-69b6-455f-9806-b5ca54817f0e_config-0] Ack server push request, request = ClientDetectionRequest, requestId = 140
05:12:59:815  INFO 11246 --- [nacos-grpc-client-executor-3711] com.alibaba.nacos.common.remote.client   : [700ca6de-7100-4e5d-a253-9ea7f7db9aae] Receive server push request, request = ClientDetectionRequest, requestId = 144
05:12:59:816  INFO 11246 --- [nacos-grpc-client-executor-3711] com.alibaba.nacos.common.remote.client   : [700ca6de-7100-4e5d-a253-9ea7f7db9aae] Ack server push request, request = ClientDetectionRequest, requestId = 144
05:29:24:835  INFO 11246 --- [nacos-grpc-client-executor-3726] com.alibaba.nacos.common.remote.client   : [700ca6de-7100-4e5d-a253-9ea7f7db9aae] Receive server push request, request = ClientDetectionRequest, requestId = 152
05:29:24:837  INFO 11246 --- [nacos-grpc-client-executor-3726] com.alibaba.nacos.common.remote.client   : [700ca6de-7100-4e5d-a253-9ea7f7db9aae] Ack server push request, request = ClientDetectionRequest, requestId = 152
05:29:24:835  INFO 11246 --- [nacos-grpc-client-executor-3550] com.alibaba.nacos.common.remote.client   : [1597a7ca-69b6-455f-9806-b5ca54817f0e_config-0] Receive server push request, request = ClientDetectionRequest, requestId = 149
05:29:24:837  INFO 11246 --- [nacos-grpc-client-executor-3550] com.alibaba.nacos.common.remote.client   : [1597a7ca-69b6-455f-9806-b5ca54817f0e_config-0] Ack server push request, request = ClientDetectionRequest, requestId = 149
07:28:42:460  WARN 11246 --- [Thread-5] c.a.nacos.common.notify.NotifyCenter     : [NotifyCenter] Start destroying Publisher
07:28:42:460  WARN 11246 --- [Thread-1] c.a.n.common.http.HttpClientBeanHolder   : [HttpClientBeanHolder] Start destroying common HttpClient
07:28:42:471  WARN 11246 --- [Thread-5] c.a.nacos.common.notify.NotifyCenter     : [NotifyCenter] Destruction of the end
07:28:42:475  WARN 11246 --- [Thread-1] c.a.n.common.http.HttpClientBeanHolder   : [HttpClientBeanHolder] Destruction of the end
07:28:43:540  INFO 11246 --- [SpringApplicationShutdownHook] c.a.c.n.registry.NacosServiceRegistry    : De-registering from Nacos Server now...
07:28:43:544  INFO 11246 --- [SpringApplicationShutdownHook] c.a.c.n.registry.NacosServiceRegistry    : De-registration finished.
07:28:43:859  INFO 11246 --- [SpringApplicationShutdownHook] com.alibaba.nacos.common.remote.client   : Shutdown rpc client, set status to shutdown
07:28:43:859  INFO 11246 --- [SpringApplicationShutdownHook] com.alibaba.nacos.common.remote.client   : Shutdown client event executor java.util.concurrent.ScheduledThreadPoolExecutor@7c63e7c9[Running, pool size = 2, active threads = 2, queued tasks = 0, completed tasks = 0]
07:28:43:859  INFO 11246 --- [SpringApplicationShutdownHook] com.alibaba.nacos.common.remote.client   : Close current connection 1784139244119_192.168.65.1_43159
07:28:43:861  INFO 11246 --- [SpringApplicationShutdownHook] c.a.n.c.remote.client.grpc.GrpcClient    : Shutdown grpc executor java.util.concurrent.ThreadPoolExecutor@5b99c2b[Running, pool size = 5, active threads = 1, queued tasks = 0, completed tasks = 5423]
07:28:43:861  INFO 11246 --- [nacos-grpc-client-executor-5423] c.a.n.c.remote.client.grpc.GrpcClient    : [1784139244119_192.168.65.1_43159]Ignore complete event,isRunning:false,isAbandon=false
21:03:43:194  INFO 95774 --- [main] com.hmall.pay.PayApplication             : The following 1 profile is active: "local"
21:03:43:456  INFO 95774 --- [main] o.s.cloud.context.scope.GenericScope     : BeanFactory id=167c13b5-5025-341a-9f8e-9bfd69e8918d
21:03:43:543  INFO 95774 --- [main] o.s.b.w.embedded.tomcat.TomcatWebServer  : Tomcat initialized with port(s): 8086 (http)
21:03:43:545  INFO 95774 --- [main] o.apache.catalina.core.StandardService   : Starting service [Tomcat]
21:03:43:545  INFO 95774 --- [main] org.apache.catalina.core.StandardEngine  : Starting Servlet engine: [Apache Tomcat/9.0.75]
21:03:43:578  INFO 95774 --- [main] o.a.c.c.C.[Tomcat].[localhost].[/]       : Initializing Spring embedded WebApplicationContext
21:03:43:578  INFO 95774 --- [main] w.s.c.ServletWebServerApplicationContext : Root WebApplicationContext: initialization completed in 378 ms
21:03:43:629  INFO 95774 --- [main] o.s.c.openfeign.FeignClientFactoryBean   : For 'user-service' URL not provided. Will try picking an instance via load-balancing.
21:03:43:645  INFO 95774 --- [main] o.s.c.openfeign.FeignClientFactoryBean   : For 'trade-service' URL not provided. Will try picking an instance via load-balancing.
21:03:44:013  INFO 95774 --- [main] pertySourcedRequestMappingHandlerMapping : Mapped URL path [/v2/api-docs] onto method [springfox.documentation.swagger2.web.Swagger2ControllerWebMvc#getDocumentation(String, HttpServletRequest)]
21:03:44:069  INFO 95774 --- [main] com.alibaba.nacos.common.remote.client   : [RpcClientFactory] create a new rpc client of 74821fa6-fc7b-4516-ad25-93aa97260e29
21:03:44:069  INFO 95774 --- [main] com.alibaba.nacos.common.remote.client   : [74821fa6-fc7b-4516-ad25-93aa97260e29] RpcClient init label, labels = {module=naming, source=sdk}
21:03:44:069  INFO 95774 --- [main] com.alibaba.nacos.common.remote.client   : [74821fa6-fc7b-4516-ad25-93aa97260e29] RpcClient init, ServerListFactory = com.alibaba.nacos.client.naming.core.ServerListManager
21:03:44:070  INFO 95774 --- [main] com.alibaba.nacos.common.remote.client   : [74821fa6-fc7b-4516-ad25-93aa97260e29] Registry connection listener to current client:com.alibaba.nacos.client.naming.remote.gprc.redo.NamingGrpcRedoService
21:03:44:070  INFO 95774 --- [main] com.alibaba.nacos.common.remote.client   : [74821fa6-fc7b-4516-ad25-93aa97260e29] Register server push request handler:com.alibaba.nacos.client.naming.remote.gprc.NamingPushRequestHandler
21:03:44:070  INFO 95774 --- [main] com.alibaba.nacos.common.remote.client   : [74821fa6-fc7b-4516-ad25-93aa97260e29] Try to connect to server on start up, server: {serverIp = '127.0.0.1', server main port = 8848}
21:03:44:197  INFO 95774 --- [main] com.alibaba.nacos.common.remote.client   : [74821fa6-fc7b-4516-ad25-93aa97260e29] Success to connect to server [127.0.0.1:8848] on start up, connectionId = 1784207024084_192.168.65.1_33992
21:03:44:198  INFO 95774 --- [main] com.alibaba.nacos.common.remote.client   : [74821fa6-fc7b-4516-ad25-93aa97260e29] Register server push request handler:com.alibaba.nacos.common.remote.client.RpcClient$ConnectResetRequestHandler
21:03:44:198  INFO 95774 --- [main] com.alibaba.nacos.common.remote.client   : [74821fa6-fc7b-4516-ad25-93aa97260e29] Register server push request handler:com.alibaba.nacos.common.remote.client.RpcClient$$Lambda$455/0x000000080041dc40
21:03:44:198  INFO 95774 --- [com.alibaba.nacos.client.remote.worker] com.alibaba.nacos.common.remote.client   : [74821fa6-fc7b-4516-ad25-93aa97260e29] Notify connected event to listeners.
21:03:44:223  INFO 95774 --- [main] o.s.b.w.embedded.tomcat.TomcatWebServer  : Tomcat started on port(s): 8086 (http) with context path ''
21:03:44:230  INFO 95774 --- [main] c.a.c.n.registry.NacosServiceRegistry    : nacos registry, DEFAULT_GROUP pay-service 192.168.1.8:8086 register finished
21:03:44:232  INFO 95774 --- [main] d.s.w.p.DocumentationPluginsBootstrapper : Documentation plugins bootstrapped
21:03:44:234  INFO 95774 --- [main] d.s.w.p.DocumentationPluginsBootstrapper : Found 1 custom documentation plugin(s)
21:03:44:241  INFO 95774 --- [main] s.d.s.w.s.ApiListingReferenceScanner     : Scanning for api listing references
21:03:44:246  INFO 95774 --- [main] com.hmall.pay.PayApplication             : Started PayApplication in 1.826 seconds (JVM running for 2.047)
21:03:44:248  INFO 95774 --- [main] c.a.c.n.refresh.NacosContextRefresher    : [Nacos Config] Listening config: dataId=pay-service, group=DEFAULT_GROUP
21:03:44:248  INFO 95774 --- [main] c.a.c.n.refresh.NacosContextRefresher    : [Nacos Config] Listening config: dataId=pay-service.yaml, group=DEFAULT_GROUP
21:03:44:249  INFO 95774 --- [main] c.a.c.n.refresh.NacosContextRefresher    : [Nacos Config] Listening config: dataId=pay-service-local.yaml, group=DEFAULT_GROUP
21:03:44:730  INFO 95774 --- [nacos-grpc-client-executor-9] com.alibaba.nacos.common.remote.client   : [74821fa6-fc7b-4516-ad25-93aa97260e29] Receive server push request, request = NotifySubscriberRequest, requestId = 176
21:03:44:732  INFO 95774 --- [nacos-grpc-client-executor-9] com.alibaba.nacos.common.remote.client   : [74821fa6-fc7b-4516-ad25-93aa97260e29] Ack server push request, request = NotifySubscriberRequest, requestId = 176
