11:53:49:148  INFO 53930 --- [main] com.hmall.gateway.GatewayApplication     : The following 1 profile is active: "local"
11:53:49:343  INFO 53930 --- [main] o.s.cloud.context.scope.GenericScope     : BeanFactory id=d59d029f-d704-316e-8f2a-0fa0eb0bfb7d
11:53:49:361  INFO 53930 --- [main] trationDelegate$BeanPostProcessorChecker : Bean 'org.springframework.cloud.client.loadbalancer.reactive.LoadBalancerBeanPostProcessorAutoConfiguration' of type [org.springframework.cloud.client.loadbalancer.reactive.LoadBalancerBeanPostProcessorAutoConfiguration] is not eligible for getting processed by all BeanPostProcessors (for example: not eligible for auto-proxying)
11:53:49:361  INFO 53930 --- [main] trationDelegate$BeanPostProcessorChecker : Bean 'org.springframework.cloud.client.loadbalancer.reactive.LoadBalancerBeanPostProcessorAutoConfiguration$ReactorDeferringLoadBalancerFilterConfig' of type [org.springframework.cloud.client.loadbalancer.reactive.LoadBalancerBeanPostProcessorAutoConfiguration$ReactorDeferringLoadBalancerFilterConfig] is not eligible for getting processed by all BeanPostProcessors (for example: not eligible for auto-proxying)
11:53:49:362  INFO 53930 --- [main] trationDelegate$BeanPostProcessorChecker : Bean 'reactorDeferringLoadBalancerExchangeFilterFunction' of type [org.springframework.cloud.client.loadbalancer.reactive.DeferringLoadBalancerExchangeFilterFunction] is not eligible for getting processed by all BeanPostProcessors (for example: not eligible for auto-proxying)
11:53:49:723  INFO 53930 --- [main] o.s.c.g.r.RouteDefinitionRouteLocator    : Loaded RoutePredicateFactory [After]
11:53:49:723  INFO 53930 --- [main] o.s.c.g.r.RouteDefinitionRouteLocator    : Loaded RoutePredicateFactory [Before]
11:53:49:723  INFO 53930 --- [main] o.s.c.g.r.RouteDefinitionRouteLocator    : Loaded RoutePredicateFactory [Between]
11:53:49:723  INFO 53930 --- [main] o.s.c.g.r.RouteDefinitionRouteLocator    : Loaded RoutePredicateFactory [Cookie]
11:53:49:723  INFO 53930 --- [main] o.s.c.g.r.RouteDefinitionRouteLocator    : Loaded RoutePredicateFactory [Header]
11:53:49:723  INFO 53930 --- [main] o.s.c.g.r.RouteDefinitionRouteLocator    : Loaded RoutePredicateFactory [Host]
11:53:49:723  INFO 53930 --- [main] o.s.c.g.r.RouteDefinitionRouteLocator    : Loaded RoutePredicateFactory [Method]
11:53:49:723  INFO 53930 --- [main] o.s.c.g.r.RouteDefinitionRouteLocator    : Loaded RoutePredicateFactory [Path]
11:53:49:723  INFO 53930 --- [main] o.s.c.g.r.RouteDefinitionRouteLocator    : Loaded RoutePredicateFactory [Query]
11:53:49:723  INFO 53930 --- [main] o.s.c.g.r.RouteDefinitionRouteLocator    : Loaded RoutePredicateFactory [ReadBody]
11:53:49:723  INFO 53930 --- [main] o.s.c.g.r.RouteDefinitionRouteLocator    : Loaded RoutePredicateFactory [RemoteAddr]
11:53:49:723  INFO 53930 --- [main] o.s.c.g.r.RouteDefinitionRouteLocator    : Loaded RoutePredicateFactory [XForwardedRemoteAddr]
11:53:49:723  INFO 53930 --- [main] o.s.c.g.r.RouteDefinitionRouteLocator    : Loaded RoutePredicateFactory [Weight]
11:53:49:723  INFO 53930 --- [main] o.s.c.g.r.RouteDefinitionRouteLocator    : Loaded RoutePredicateFactory [CloudFoundryRouteService]
11:53:49:821  INFO 53930 --- [main] com.alibaba.nacos.common.remote.client   : [RpcClientFactory] create a new rpc client of 92ce2459-a895-42a4-b6e7-7ea6ac1492e6
11:53:49:821  INFO 53930 --- [main] com.alibaba.nacos.common.remote.client   : [92ce2459-a895-42a4-b6e7-7ea6ac1492e6] RpcClient init label, labels = {module=naming, source=sdk}
11:53:49:822  INFO 53930 --- [main] com.alibaba.nacos.common.remote.client   : [92ce2459-a895-42a4-b6e7-7ea6ac1492e6] RpcClient init, ServerListFactory = com.alibaba.nacos.client.naming.core.ServerListManager
11:53:49:822  INFO 53930 --- [main] com.alibaba.nacos.common.remote.client   : [92ce2459-a895-42a4-b6e7-7ea6ac1492e6] Registry connection listener to current client:com.alibaba.nacos.client.naming.remote.gprc.redo.NamingGrpcRedoService
11:53:49:822  INFO 53930 --- [main] com.alibaba.nacos.common.remote.client   : [92ce2459-a895-42a4-b6e7-7ea6ac1492e6] Register server push request handler:com.alibaba.nacos.client.naming.remote.gprc.NamingPushRequestHandler
11:53:49:822  INFO 53930 --- [main] com.alibaba.nacos.common.remote.client   : [92ce2459-a895-42a4-b6e7-7ea6ac1492e6] Try to connect to server on start up, server: {serverIp = '127.0.0.1', server main port = 8848}
11:53:49:948  INFO 53930 --- [main] com.alibaba.nacos.common.remote.client   : [92ce2459-a895-42a4-b6e7-7ea6ac1492e6] Success to connect to server [127.0.0.1:8848] on start up, connectionId = 1783828429836_192.168.65.1_58122
11:53:49:948  INFO 53930 --- [main] com.alibaba.nacos.common.remote.client   : [92ce2459-a895-42a4-b6e7-7ea6ac1492e6] Register server push request handler:com.alibaba.nacos.common.remote.client.RpcClient$ConnectResetRequestHandler
11:53:49:948  INFO 53930 --- [main] com.alibaba.nacos.common.remote.client   : [92ce2459-a895-42a4-b6e7-7ea6ac1492e6] Register server push request handler:com.alibaba.nacos.common.remote.client.RpcClient$$Lambda$448/0x00000008004e7840
11:53:49:948  INFO 53930 --- [com.alibaba.nacos.client.remote.worker] com.alibaba.nacos.common.remote.client   : [92ce2459-a895-42a4-b6e7-7ea6ac1492e6] Notify connected event to listeners.
11:53:50:002  INFO 53930 --- [main] o.s.b.web.embedded.netty.NettyWebServer  : Netty started on port 8080
11:53:50:012  INFO 53930 --- [main] c.a.c.n.registry.NacosServiceRegistry    : nacos registry, DEFAULT_GROUP gateway 192.168.31.200:8080 register finished
11:53:50:019  INFO 53930 --- [main] com.hmall.gateway.GatewayApplication     : Started GatewayApplication in 1.67 seconds (JVM running for 1.907)
11:53:50:020  INFO 53930 --- [main] c.a.c.n.refresh.NacosContextRefresher    : [Nacos Config] Listening config: dataId=gateway.yaml, group=DEFAULT_GROUP
11:53:50:020  INFO 53930 --- [main] c.a.c.n.refresh.NacosContextRefresher    : [Nacos Config] Listening config: dataId=gateway, group=DEFAULT_GROUP
11:53:50:020  INFO 53930 --- [main] c.a.c.n.refresh.NacosContextRefresher    : [Nacos Config] Listening config: dataId=gateway-local.yaml, group=DEFAULT_GROUP
11:53:50:524  INFO 53930 --- [nacos-grpc-client-executor-10] com.alibaba.nacos.common.remote.client   : [92ce2459-a895-42a4-b6e7-7ea6ac1492e6] Receive server push request, request = NotifySubscriberRequest, requestId = 94
11:53:50:525  INFO 53930 --- [nacos-grpc-client-executor-10] com.alibaba.nacos.common.remote.client   : [92ce2459-a895-42a4-b6e7-7ea6ac1492e6] Ack server push request, request = NotifySubscriberRequest, requestId = 94
12:06:47:438  WARN 53930 --- [Thread-5] c.a.nacos.common.notify.NotifyCenter     : [NotifyCenter] Start destroying Publisher
12:06:47:438  WARN 53930 --- [Thread-1] c.a.n.common.http.HttpClientBeanHolder   : [HttpClientBeanHolder] Start destroying common HttpClient
12:06:47:439  WARN 53930 --- [Thread-5] c.a.nacos.common.notify.NotifyCenter     : [NotifyCenter] Destruction of the end
12:06:47:440  WARN 53930 --- [Thread-1] c.a.n.common.http.HttpClientBeanHolder   : [HttpClientBeanHolder] Destruction of the end
12:06:47:468  INFO 53930 --- [SpringApplicationShutdownHook] c.a.c.n.registry.NacosServiceRegistry    : De-registering from Nacos Server now...
12:06:47:475  INFO 53930 --- [SpringApplicationShutdownHook] c.a.c.n.registry.NacosServiceRegistry    : De-registration finished.
12:06:47:787  INFO 53930 --- [SpringApplicationShutdownHook] com.alibaba.nacos.common.remote.client   : Shutdown rpc client, set status to shutdown
12:06:47:787  INFO 53930 --- [SpringApplicationShutdownHook] com.alibaba.nacos.common.remote.client   : Shutdown client event executor java.util.concurrent.ScheduledThreadPoolExecutor@1def808d[Running, pool size = 2, active threads = 2, queued tasks = 0, completed tasks = 0]
12:06:47:787  INFO 53930 --- [SpringApplicationShutdownHook] com.alibaba.nacos.common.remote.client   : Close current connection 1783828429836_192.168.65.1_58122
12:06:47:789  INFO 53930 --- [nacos-grpc-client-executor-303] c.a.n.c.remote.client.grpc.GrpcClient    : [1783828429836_192.168.65.1_58122]Ignore complete event,isRunning:false,isAbandon=false
12:06:47:790  INFO 53930 --- [SpringApplicationShutdownHook] c.a.n.c.remote.client.grpc.GrpcClient    : Shutdown grpc executor java.util.concurrent.ThreadPoolExecutor@603450dc[Running, pool size = 8, active threads = 0, queued tasks = 0, completed tasks = 304]
