09:27:37:679  INFO 16116 --- [main] com.hmall.trade.TradeApplication         : Starting TradeApplication using Java 11.0.31 on Miraitowa.local with PID 16116 (/Users/suns/IdeaProjects/hmall/trade-service/target/classes started by suns in /Users/suns/IdeaProjects/hmall)
09:27:37:680 DEBUG 16116 --- [main] com.hmall.trade.TradeApplication         : Running with Spring Boot v2.7.12, Spring v5.3.27
09:27:37:681  INFO 16116 --- [main] com.hmall.trade.TradeApplication         : The following 1 profile is active: "local"
09:27:37:996  INFO 16116 --- [main] o.s.cloud.context.scope.GenericScope     : BeanFactory id=ceb9d6f9-6a2f-359f-8715-b7f03af0bbe5
09:27:38:091  INFO 16116 --- [main] o.s.b.w.embedded.tomcat.TomcatWebServer  : Tomcat initialized with port(s): 8085 (http)
09:27:38:094  INFO 16116 --- [main] o.apache.catalina.core.StandardService   : Starting service [Tomcat]
09:27:38:094  INFO 16116 --- [main] org.apache.catalina.core.StandardEngine  : Starting Servlet engine: [Apache Tomcat/9.0.75]
09:27:38:125  INFO 16116 --- [main] o.a.c.c.C.[Tomcat].[localhost].[/]       : Initializing Spring embedded WebApplicationContext
09:27:38:125  INFO 16116 --- [main] w.s.c.ServletWebServerApplicationContext : Root WebApplicationContext: initialization completed in 425 ms
09:27:38:276  INFO 16116 --- [main] o.s.c.openfeign.FeignClientFactoryBean   : For 'cart-service' URL not provided. Will try picking an instance via load-balancing.
09:27:38:292  INFO 16116 --- [main] o.s.c.openfeign.FeignClientFactoryBean   : For 'item-service' URL not provided. Will try picking an instance via load-balancing.
09:27:38:447  INFO 16116 --- [main] pertySourcedRequestMappingHandlerMapping : Mapped URL path [/v2/api-docs] onto method [springfox.documentation.swagger2.web.Swagger2ControllerWebMvc#getDocumentation(String, HttpServletRequest)]
09:27:38:518  INFO 16116 --- [main] com.alibaba.nacos.common.remote.client   : [RpcClientFactory] create a new rpc client of cf0c134e-ad49-44ea-806b-4a2ed95f7fec
09:27:38:529  INFO 16116 --- [main] org.reflections.Reflections              : Reflections took 7 ms to scan 1 urls, producing 3 keys and 6 values 
09:27:38:536  INFO 16116 --- [main] org.reflections.Reflections              : Reflections took 4 ms to scan 1 urls, producing 4 keys and 9 values 
09:27:38:539  INFO 16116 --- [main] org.reflections.Reflections              : Reflections took 3 ms to scan 1 urls, producing 3 keys and 10 values 
09:27:38:540  WARN 16116 --- [main] org.reflections.Reflections              : given scan urls are empty. set urls in the configuration
09:27:38:543  INFO 16116 --- [main] org.reflections.Reflections              : Reflections took 3 ms to scan 1 urls, producing 1 keys and 5 values 
09:27:38:547  INFO 16116 --- [main] org.reflections.Reflections              : Reflections took 3 ms to scan 1 urls, producing 1 keys and 7 values 
09:27:38:550  INFO 16116 --- [main] org.reflections.Reflections              : Reflections took 3 ms to scan 1 urls, producing 2 keys and 8 values 
09:27:38:551  WARN 16116 --- [main] org.reflections.Reflections              : given scan urls are empty. set urls in the configuration
09:27:38:551  INFO 16116 --- [main] com.alibaba.nacos.common.remote.client   : [cf0c134e-ad49-44ea-806b-4a2ed95f7fec] RpcClient init label, labels = {module=naming, source=sdk}
09:27:38:551  INFO 16116 --- [main] com.alibaba.nacos.common.remote.client   : [cf0c134e-ad49-44ea-806b-4a2ed95f7fec] RpcClient init, ServerListFactory = com.alibaba.nacos.client.naming.core.ServerListManager
09:27:38:551  INFO 16116 --- [main] com.alibaba.nacos.common.remote.client   : [cf0c134e-ad49-44ea-806b-4a2ed95f7fec] Registry connection listener to current client:com.alibaba.nacos.client.naming.remote.gprc.redo.NamingGrpcRedoService
09:27:38:551  INFO 16116 --- [main] com.alibaba.nacos.common.remote.client   : [cf0c134e-ad49-44ea-806b-4a2ed95f7fec] Register server push request handler:com.alibaba.nacos.client.naming.remote.gprc.NamingPushRequestHandler
09:27:38:552  INFO 16116 --- [main] com.alibaba.nacos.common.remote.client   : [cf0c134e-ad49-44ea-806b-4a2ed95f7fec] Try to connect to server on start up, server: {serverIp = '127.0.0.1', server main port = 8848}
09:27:38:821  INFO 16116 --- [main] com.alibaba.nacos.common.remote.client   : [cf0c134e-ad49-44ea-806b-4a2ed95f7fec] Success to connect to server [127.0.0.1:8848] on start up, connectionId = 1783819658684_192.168.65.1_17529
09:27:38:822  INFO 16116 --- [com.alibaba.nacos.client.remote.worker] com.alibaba.nacos.common.remote.client   : [cf0c134e-ad49-44ea-806b-4a2ed95f7fec] Notify connected event to listeners.
09:27:38:823  INFO 16116 --- [main] com.alibaba.nacos.common.remote.client   : [cf0c134e-ad49-44ea-806b-4a2ed95f7fec] Register server push request handler:com.alibaba.nacos.common.remote.client.RpcClient$ConnectResetRequestHandler
09:27:38:823  INFO 16116 --- [main] com.alibaba.nacos.common.remote.client   : [cf0c134e-ad49-44ea-806b-4a2ed95f7fec] Register server push request handler:com.alibaba.nacos.common.remote.client.RpcClient$$Lambda$975/0x00000008006d4440
09:27:38:871  INFO 16116 --- [main] o.s.b.w.embedded.tomcat.TomcatWebServer  : Tomcat started on port(s): 8085 (http) with context path ''
09:27:38:882  INFO 16116 --- [main] c.a.c.n.registry.NacosServiceRegistry    : nacos registry, DEFAULT_GROUP trade-service 192.168.31.200:8085 register finished
09:27:38:884  INFO 16116 --- [main] d.s.w.p.DocumentationPluginsBootstrapper : Documentation plugins bootstrapped
09:27:38:885  INFO 16116 --- [main] d.s.w.p.DocumentationPluginsBootstrapper : Found 1 custom documentation plugin(s)
09:27:38:891  INFO 16116 --- [main] s.d.s.w.s.ApiListingReferenceScanner     : Scanning for api listing references
09:27:38:917  INFO 16116 --- [main] com.hmall.trade.TradeApplication         : Started TradeApplication in 1.403 seconds (JVM running for 1.617)
09:27:39:446  INFO 16116 --- [nacos-grpc-client-executor-11] com.alibaba.nacos.common.remote.client   : [cf0c134e-ad49-44ea-806b-4a2ed95f7fec] Receive server push request, request = NotifySubscriberRequest, requestId = 5
09:27:39:448  INFO 16116 --- [nacos-grpc-client-executor-11] com.alibaba.nacos.common.remote.client   : [cf0c134e-ad49-44ea-806b-4a2ed95f7fec] Ack server push request, request = NotifySubscriberRequest, requestId = 5
10:08:10:706  WARN 16116 --- [Thread-4] c.a.nacos.common.notify.NotifyCenter     : [NotifyCenter] Start destroying Publisher
10:08:10:706  WARN 16116 --- [Thread-7] c.a.n.common.http.HttpClientBeanHolder   : [HttpClientBeanHolder] Start destroying common HttpClient
10:08:10:708  WARN 16116 --- [Thread-4] c.a.nacos.common.notify.NotifyCenter     : [NotifyCenter] Destruction of the end
10:08:10:709  WARN 16116 --- [Thread-7] c.a.n.common.http.HttpClientBeanHolder   : [HttpClientBeanHolder] Destruction of the end
10:08:11:773  INFO 16116 --- [SpringApplicationShutdownHook] c.a.c.n.registry.NacosServiceRegistry    : De-registering from Nacos Server now...
10:08:11:778  INFO 16116 --- [SpringApplicationShutdownHook] c.a.c.n.registry.NacosServiceRegistry    : De-registration finished.
10:08:12:095  INFO 16116 --- [SpringApplicationShutdownHook] com.alibaba.nacos.common.remote.client   : Shutdown rpc client, set status to shutdown
10:08:12:095  INFO 16116 --- [SpringApplicationShutdownHook] com.alibaba.nacos.common.remote.client   : Shutdown client event executor java.util.concurrent.ScheduledThreadPoolExecutor@750ca35a[Running, pool size = 2, active threads = 2, queued tasks = 0, completed tasks = 0]
10:08:12:095  INFO 16116 --- [SpringApplicationShutdownHook] com.alibaba.nacos.common.remote.client   : Close current connection 1783819658684_192.168.65.1_17529
10:08:12:100  INFO 16116 --- [SpringApplicationShutdownHook] c.a.n.c.remote.client.grpc.GrpcClient    : Shutdown grpc executor java.util.concurrent.ThreadPoolExecutor@127273c0[Running, pool size = 7, active threads = 0, queued tasks = 0, completed tasks = 973]
10:29:10:845  INFO 31585 --- [main] com.hmall.trade.TradeApplication         : Starting TradeApplication using Java 11.0.31 on Miraitowa.local with PID 31585 (/Users/suns/IdeaProjects/hmall/trade-service/target/classes started by suns in /Users/suns/IdeaProjects/hmall)
10:29:10:846 DEBUG 31585 --- [main] com.hmall.trade.TradeApplication         : Running with Spring Boot v2.7.12, Spring v5.3.27
10:29:10:846  INFO 31585 --- [main] com.hmall.trade.TradeApplication         : The following 1 profile is active: "local"
10:29:11:164  INFO 31585 --- [main] o.s.cloud.context.scope.GenericScope     : BeanFactory id=ceb9d6f9-6a2f-359f-8715-b7f03af0bbe5
10:29:11:259  INFO 31585 --- [main] o.s.b.w.embedded.tomcat.TomcatWebServer  : Tomcat initialized with port(s): 8085 (http)
10:29:11:262  INFO 31585 --- [main] o.apache.catalina.core.StandardService   : Starting service [Tomcat]
10:29:11:262  INFO 31585 --- [main] org.apache.catalina.core.StandardEngine  : Starting Servlet engine: [Apache Tomcat/9.0.75]
10:29:11:294  INFO 31585 --- [main] o.a.c.c.C.[Tomcat].[localhost].[/]       : Initializing Spring embedded WebApplicationContext
10:29:11:294  INFO 31585 --- [main] w.s.c.ServletWebServerApplicationContext : Root WebApplicationContext: initialization completed in 433 ms
10:29:11:438  INFO 31585 --- [main] o.s.c.openfeign.FeignClientFactoryBean   : For 'cart-service' URL not provided. Will try picking an instance via load-balancing.
10:29:11:454  INFO 31585 --- [main] o.s.c.openfeign.FeignClientFactoryBean   : For 'item-service' URL not provided. Will try picking an instance via load-balancing.
10:29:11:609  INFO 31585 --- [main] pertySourcedRequestMappingHandlerMapping : Mapped URL path [/v2/api-docs] onto method [springfox.documentation.swagger2.web.Swagger2ControllerWebMvc#getDocumentation(String, HttpServletRequest)]
10:29:11:674  INFO 31585 --- [main] com.alibaba.nacos.common.remote.client   : [RpcClientFactory] create a new rpc client of fc24486a-19ad-4f60-acd9-795fcce4bc67
10:29:11:684  INFO 31585 --- [main] org.reflections.Reflections              : Reflections took 6 ms to scan 1 urls, producing 3 keys and 6 values 
10:29:11:691  INFO 31585 --- [main] org.reflections.Reflections              : Reflections took 4 ms to scan 1 urls, producing 4 keys and 9 values 
10:29:11:695  INFO 31585 --- [main] org.reflections.Reflections              : Reflections took 3 ms to scan 1 urls, producing 3 keys and 10 values 
10:29:11:695  WARN 31585 --- [main] org.reflections.Reflections              : given scan urls are empty. set urls in the configuration
10:29:11:698  INFO 31585 --- [main] org.reflections.Reflections              : Reflections took 2 ms to scan 1 urls, producing 1 keys and 5 values 
10:29:11:702  INFO 31585 --- [main] org.reflections.Reflections              : Reflections took 3 ms to scan 1 urls, producing 1 keys and 7 values 
10:29:11:705  INFO 31585 --- [main] org.reflections.Reflections              : Reflections took 3 ms to scan 1 urls, producing 2 keys and 8 values 
10:29:11:706  WARN 31585 --- [main] org.reflections.Reflections              : given scan urls are empty. set urls in the configuration
10:29:11:706  INFO 31585 --- [main] com.alibaba.nacos.common.remote.client   : [fc24486a-19ad-4f60-acd9-795fcce4bc67] RpcClient init label, labels = {module=naming, source=sdk}
10:29:11:707  INFO 31585 --- [main] com.alibaba.nacos.common.remote.client   : [fc24486a-19ad-4f60-acd9-795fcce4bc67] RpcClient init, ServerListFactory = com.alibaba.nacos.client.naming.core.ServerListManager
10:29:11:707  INFO 31585 --- [main] com.alibaba.nacos.common.remote.client   : [fc24486a-19ad-4f60-acd9-795fcce4bc67] Registry connection listener to current client:com.alibaba.nacos.client.naming.remote.gprc.redo.NamingGrpcRedoService
10:29:11:707  INFO 31585 --- [main] com.alibaba.nacos.common.remote.client   : [fc24486a-19ad-4f60-acd9-795fcce4bc67] Register server push request handler:com.alibaba.nacos.client.naming.remote.gprc.NamingPushRequestHandler
10:29:11:707  INFO 31585 --- [main] com.alibaba.nacos.common.remote.client   : [fc24486a-19ad-4f60-acd9-795fcce4bc67] Try to connect to server on start up, server: {serverIp = '127.0.0.1', server main port = 8848}
10:29:12:000  INFO 31585 --- [main] com.alibaba.nacos.common.remote.client   : [fc24486a-19ad-4f60-acd9-795fcce4bc67] Success to connect to server [127.0.0.1:8848] on start up, connectionId = 1783823351856_192.168.65.1_35164
10:29:12:000  INFO 31585 --- [main] com.alibaba.nacos.common.remote.client   : [fc24486a-19ad-4f60-acd9-795fcce4bc67] Register server push request handler:com.alibaba.nacos.common.remote.client.RpcClient$ConnectResetRequestHandler
10:29:12:000  INFO 31585 --- [com.alibaba.nacos.client.remote.worker] com.alibaba.nacos.common.remote.client   : [fc24486a-19ad-4f60-acd9-795fcce4bc67] Notify connected event to listeners.
10:29:12:001  INFO 31585 --- [main] com.alibaba.nacos.common.remote.client   : [fc24486a-19ad-4f60-acd9-795fcce4bc67] Register server push request handler:com.alibaba.nacos.common.remote.client.RpcClient$$Lambda$975/0x00000008006d4440
10:29:12:047  INFO 31585 --- [main] o.s.b.w.embedded.tomcat.TomcatWebServer  : Tomcat started on port(s): 8085 (http) with context path ''
10:29:12:055  INFO 31585 --- [main] c.a.c.n.registry.NacosServiceRegistry    : nacos registry, DEFAULT_GROUP trade-service 192.168.31.200:8085 register finished
10:29:12:058  INFO 31585 --- [main] d.s.w.p.DocumentationPluginsBootstrapper : Documentation plugins bootstrapped
10:29:12:060  INFO 31585 --- [main] d.s.w.p.DocumentationPluginsBootstrapper : Found 1 custom documentation plugin(s)
10:29:12:071  INFO 31585 --- [main] s.d.s.w.s.ApiListingReferenceScanner     : Scanning for api listing references
10:29:12:104  INFO 31585 --- [main] com.hmall.trade.TradeApplication         : Started TradeApplication in 1.425 seconds (JVM running for 1.641)
10:29:12:560  INFO 31585 --- [nacos-grpc-client-executor-11] com.alibaba.nacos.common.remote.client   : [fc24486a-19ad-4f60-acd9-795fcce4bc67] Receive server push request, request = NotifySubscriberRequest, requestId = 12
10:29:12:562  INFO 31585 --- [nacos-grpc-client-executor-11] com.alibaba.nacos.common.remote.client   : [fc24486a-19ad-4f60-acd9-795fcce4bc67] Ack server push request, request = NotifySubscriberRequest, requestId = 12
10:30:59:370  WARN 31585 --- [Thread-7] c.a.n.common.http.HttpClientBeanHolder   : [HttpClientBeanHolder] Start destroying common HttpClient
10:30:59:370  WARN 31585 --- [Thread-4] c.a.nacos.common.notify.NotifyCenter     : [NotifyCenter] Start destroying Publisher
10:30:59:371  WARN 31585 --- [Thread-4] c.a.nacos.common.notify.NotifyCenter     : [NotifyCenter] Destruction of the end
10:30:59:372  WARN 31585 --- [Thread-7] c.a.n.common.http.HttpClientBeanHolder   : [HttpClientBeanHolder] Destruction of the end
10:31:00:447  INFO 31585 --- [SpringApplicationShutdownHook] c.a.c.n.registry.NacosServiceRegistry    : De-registering from Nacos Server now...
10:31:00:458  INFO 31585 --- [SpringApplicationShutdownHook] c.a.c.n.registry.NacosServiceRegistry    : De-registration finished.
10:31:00:775  INFO 31585 --- [SpringApplicationShutdownHook] com.alibaba.nacos.common.remote.client   : Shutdown rpc client, set status to shutdown
10:31:00:775  INFO 31585 --- [SpringApplicationShutdownHook] com.alibaba.nacos.common.remote.client   : Shutdown client event executor java.util.concurrent.ScheduledThreadPoolExecutor@665a61f9[Running, pool size = 2, active threads = 2, queued tasks = 0, completed tasks = 0]
10:31:00:776  INFO 31585 --- [SpringApplicationShutdownHook] com.alibaba.nacos.common.remote.client   : Close current connection 1783823351856_192.168.65.1_35164
10:31:00:780  INFO 31585 --- [nacos-grpc-client-executor-58] c.a.n.c.remote.client.grpc.GrpcClient    : [1783823351856_192.168.65.1_35164]Ignore complete event,isRunning:false,isAbandon=false
10:31:00:782  INFO 31585 --- [SpringApplicationShutdownHook] c.a.n.c.remote.client.grpc.GrpcClient    : Shutdown grpc executor java.util.concurrent.ThreadPoolExecutor@2e8350d[Running, pool size = 8, active threads = 0, queued tasks = 0, completed tasks = 59]
10:31:59:861  INFO 32328 --- [main] com.hmall.trade.TradeApplication         : Starting TradeApplication using Java 11.0.31 on Miraitowa.local with PID 32328 (/Users/suns/IdeaProjects/hmall/trade-service/target/classes started by suns in /Users/suns/IdeaProjects/hmall)
10:31:59:862 DEBUG 32328 --- [main] com.hmall.trade.TradeApplication         : Running with Spring Boot v2.7.12, Spring v5.3.27
10:31:59:862  INFO 32328 --- [main] com.hmall.trade.TradeApplication         : The following 1 profile is active: "local"
10:32:00:244  INFO 32328 --- [main] o.s.cloud.context.scope.GenericScope     : BeanFactory id=ceb9d6f9-6a2f-359f-8715-b7f03af0bbe5
10:32:00:351  INFO 32328 --- [main] o.s.b.w.embedded.tomcat.TomcatWebServer  : Tomcat initialized with port(s): 8085 (http)
10:32:00:354  INFO 32328 --- [main] o.apache.catalina.core.StandardService   : Starting service [Tomcat]
10:32:00:354  INFO 32328 --- [main] org.apache.catalina.core.StandardEngine  : Starting Servlet engine: [Apache Tomcat/9.0.75]
10:32:00:395  INFO 32328 --- [main] o.a.c.c.C.[Tomcat].[localhost].[/]       : Initializing Spring embedded WebApplicationContext
10:32:00:395  INFO 32328 --- [main] w.s.c.ServletWebServerApplicationContext : Root WebApplicationContext: initialization completed in 514 ms
10:32:00:585  INFO 32328 --- [main] o.s.c.openfeign.FeignClientFactoryBean   : For 'cart-service' URL not provided. Will try picking an instance via load-balancing.
10:32:00:617  INFO 32328 --- [main] o.s.c.openfeign.FeignClientFactoryBean   : For 'item-service' URL not provided. Will try picking an instance via load-balancing.
10:32:00:853  INFO 32328 --- [main] pertySourcedRequestMappingHandlerMapping : Mapped URL path [/v2/api-docs] onto method [springfox.documentation.swagger2.web.Swagger2ControllerWebMvc#getDocumentation(String, HttpServletRequest)]
10:32:00:943  INFO 32328 --- [main] com.alibaba.nacos.common.remote.client   : [RpcClientFactory] create a new rpc client of ee47ddfb-565b-462a-9822-eba8efdff4f5
10:32:00:960  INFO 32328 --- [main] org.reflections.Reflections              : Reflections took 9 ms to scan 1 urls, producing 3 keys and 6 values 
10:32:00:969  INFO 32328 --- [main] org.reflections.Reflections              : Reflections took 3 ms to scan 1 urls, producing 4 keys and 9 values 
10:32:00:974  INFO 32328 --- [main] org.reflections.Reflections              : Reflections took 4 ms to scan 1 urls, producing 3 keys and 10 values 
10:32:00:975  WARN 32328 --- [main] org.reflections.Reflections              : given scan urls are empty. set urls in the configuration
10:32:00:978  INFO 32328 --- [main] org.reflections.Reflections              : Reflections took 3 ms to scan 1 urls, producing 1 keys and 5 values 
10:32:00:982  INFO 32328 --- [main] org.reflections.Reflections              : Reflections took 3 ms to scan 1 urls, producing 1 keys and 7 values 
10:32:00:986  INFO 32328 --- [main] org.reflections.Reflections              : Reflections took 3 ms to scan 1 urls, producing 2 keys and 8 values 
10:32:00:987  WARN 32328 --- [main] org.reflections.Reflections              : given scan urls are empty. set urls in the configuration
10:32:00:987  INFO 32328 --- [main] com.alibaba.nacos.common.remote.client   : [ee47ddfb-565b-462a-9822-eba8efdff4f5] RpcClient init label, labels = {module=naming, source=sdk}
10:32:00:988  INFO 32328 --- [main] com.alibaba.nacos.common.remote.client   : [ee47ddfb-565b-462a-9822-eba8efdff4f5] RpcClient init, ServerListFactory = com.alibaba.nacos.client.naming.core.ServerListManager
10:32:00:988  INFO 32328 --- [main] com.alibaba.nacos.common.remote.client   : [ee47ddfb-565b-462a-9822-eba8efdff4f5] Registry connection listener to current client:com.alibaba.nacos.client.naming.remote.gprc.redo.NamingGrpcRedoService
10:32:00:988  INFO 32328 --- [main] com.alibaba.nacos.common.remote.client   : [ee47ddfb-565b-462a-9822-eba8efdff4f5] Register server push request handler:com.alibaba.nacos.client.naming.remote.gprc.NamingPushRequestHandler
10:32:00:989  INFO 32328 --- [main] com.alibaba.nacos.common.remote.client   : [ee47ddfb-565b-462a-9822-eba8efdff4f5] Try to connect to server on start up, server: {serverIp = '127.0.0.1', server main port = 8848}
10:32:01:349  INFO 32328 --- [main] com.alibaba.nacos.common.remote.client   : [ee47ddfb-565b-462a-9822-eba8efdff4f5] Success to connect to server [127.0.0.1:8848] on start up, connectionId = 1783823521199_192.168.65.1_45416
10:32:01:350  INFO 32328 --- [main] com.alibaba.nacos.common.remote.client   : [ee47ddfb-565b-462a-9822-eba8efdff4f5] Register server push request handler:com.alibaba.nacos.common.remote.client.RpcClient$ConnectResetRequestHandler
10:32:01:350  INFO 32328 --- [com.alibaba.nacos.client.remote.worker] com.alibaba.nacos.common.remote.client   : [ee47ddfb-565b-462a-9822-eba8efdff4f5] Notify connected event to listeners.
10:32:01:350  INFO 32328 --- [main] com.alibaba.nacos.common.remote.client   : [ee47ddfb-565b-462a-9822-eba8efdff4f5] Register server push request handler:com.alibaba.nacos.common.remote.client.RpcClient$$Lambda$975/0x00000008006d3040
10:32:01:395  INFO 32328 --- [main] o.s.b.w.embedded.tomcat.TomcatWebServer  : Tomcat started on port(s): 8085 (http) with context path ''
10:32:01:405  INFO 32328 --- [main] c.a.c.n.registry.NacosServiceRegistry    : nacos registry, DEFAULT_GROUP trade-service 192.168.31.200:8085 register finished
10:32:01:407  INFO 32328 --- [main] d.s.w.p.DocumentationPluginsBootstrapper : Documentation plugins bootstrapped
10:32:01:408  INFO 32328 --- [main] d.s.w.p.DocumentationPluginsBootstrapper : Found 1 custom documentation plugin(s)
10:32:01:414  INFO 32328 --- [main] s.d.s.w.s.ApiListingReferenceScanner     : Scanning for api listing references
10:32:01:442  INFO 32328 --- [main] com.hmall.trade.TradeApplication         : Started TradeApplication in 1.789 seconds (JVM running for 2.019)
10:32:01:909  INFO 32328 --- [nacos-grpc-client-executor-10] com.alibaba.nacos.common.remote.client   : [ee47ddfb-565b-462a-9822-eba8efdff4f5] Receive server push request, request = NotifySubscriberRequest, requestId = 21
10:32:01:910  INFO 32328 --- [nacos-grpc-client-executor-10] com.alibaba.nacos.common.remote.client   : [ee47ddfb-565b-462a-9822-eba8efdff4f5] Ack server push request, request = NotifySubscriberRequest, requestId = 21
10:36:21:094  WARN 32328 --- [Thread-7] c.a.n.common.http.HttpClientBeanHolder   : [HttpClientBeanHolder] Start destroying common HttpClient
10:36:21:096  WARN 32328 --- [Thread-4] c.a.nacos.common.notify.NotifyCenter     : [NotifyCenter] Start destroying Publisher
10:36:21:098  WARN 32328 --- [Thread-4] c.a.nacos.common.notify.NotifyCenter     : [NotifyCenter] Destruction of the end
10:36:21:099  WARN 32328 --- [Thread-7] c.a.n.common.http.HttpClientBeanHolder   : [HttpClientBeanHolder] Destruction of the end
10:36:22:188  INFO 32328 --- [SpringApplicationShutdownHook] c.a.c.n.registry.NacosServiceRegistry    : De-registering from Nacos Server now...
10:36:22:208  INFO 32328 --- [SpringApplicationShutdownHook] c.a.c.n.registry.NacosServiceRegistry    : De-registration finished.
10:36:22:520  INFO 32328 --- [SpringApplicationShutdownHook] com.alibaba.nacos.common.remote.client   : Shutdown rpc client, set status to shutdown
10:36:22:520  INFO 32328 --- [SpringApplicationShutdownHook] com.alibaba.nacos.common.remote.client   : Shutdown client event executor java.util.concurrent.ScheduledThreadPoolExecutor@7801c36e[Running, pool size = 2, active threads = 2, queued tasks = 0, completed tasks = 0]
10:36:22:520  INFO 32328 --- [SpringApplicationShutdownHook] com.alibaba.nacos.common.remote.client   : Close current connection 1783823521199_192.168.65.1_45416
10:36:22:522  INFO 32328 --- [nacos-grpc-client-executor-116] c.a.n.c.remote.client.grpc.GrpcClient    : [1783823521199_192.168.65.1_45416]Ignore complete event,isRunning:false,isAbandon=false
10:36:22:524  INFO 32328 --- [SpringApplicationShutdownHook] c.a.n.c.remote.client.grpc.GrpcClient    : Shutdown grpc executor java.util.concurrent.ThreadPoolExecutor@77e77db6[Running, pool size = 9, active threads = 0, queued tasks = 0, completed tasks = 117]
10:36:32:709  INFO 33563 --- [main] com.hmall.trade.TradeApplication         : Starting TradeApplication using Java 11.0.31 on Miraitowa.local with PID 33563 (/Users/suns/IdeaProjects/hmall/trade-service/target/classes started by suns in /Users/suns/IdeaProjects/hmall)
10:36:32:710 DEBUG 33563 --- [main] com.hmall.trade.TradeApplication         : Running with Spring Boot v2.7.12, Spring v5.3.27
10:36:32:711  INFO 33563 --- [main] com.hmall.trade.TradeApplication         : The following 1 profile is active: "local"
10:36:33:143  INFO 33563 --- [main] o.s.cloud.context.scope.GenericScope     : BeanFactory id=ceb9d6f9-6a2f-359f-8715-b7f03af0bbe5
10:36:33:304  INFO 33563 --- [main] o.s.b.w.embedded.tomcat.TomcatWebServer  : Tomcat initialized with port(s): 8085 (http)
10:36:33:307  INFO 33563 --- [main] o.apache.catalina.core.StandardService   : Starting service [Tomcat]
10:36:33:308  INFO 33563 --- [main] org.apache.catalina.core.StandardEngine  : Starting Servlet engine: [Apache Tomcat/9.0.75]
10:36:33:357  INFO 33563 --- [main] o.a.c.c.C.[Tomcat].[localhost].[/]       : Initializing Spring embedded WebApplicationContext
10:36:33:357  INFO 33563 --- [main] w.s.c.ServletWebServerApplicationContext : Root WebApplicationContext: initialization completed in 628 ms
10:36:33:553  INFO 33563 --- [main] o.s.c.openfeign.FeignClientFactoryBean   : For 'cart-service' URL not provided. Will try picking an instance via load-balancing.
10:36:33:584  INFO 33563 --- [main] o.s.c.openfeign.FeignClientFactoryBean   : For 'item-service' URL not provided. Will try picking an instance via load-balancing.
10:36:33:799  INFO 33563 --- [main] pertySourcedRequestMappingHandlerMapping : Mapped URL path [/v2/api-docs] onto method [springfox.documentation.swagger2.web.Swagger2ControllerWebMvc#getDocumentation(String, HttpServletRequest)]
10:36:33:909  INFO 33563 --- [main] com.alibaba.nacos.common.remote.client   : [RpcClientFactory] create a new rpc client of 187feaf6-1fd3-44fa-a67f-9a0594d1fa89
10:36:33:921  INFO 33563 --- [main] org.reflections.Reflections              : Reflections took 7 ms to scan 1 urls, producing 3 keys and 6 values 
10:36:33:930  INFO 33563 --- [main] org.reflections.Reflections              : Reflections took 3 ms to scan 1 urls, producing 4 keys and 9 values 
10:36:33:934  INFO 33563 --- [main] org.reflections.Reflections              : Reflections took 4 ms to scan 1 urls, producing 3 keys and 10 values 
10:36:33:935  WARN 33563 --- [main] org.reflections.Reflections              : given scan urls are empty. set urls in the configuration
10:36:33:938  INFO 33563 --- [main] org.reflections.Reflections              : Reflections took 3 ms to scan 1 urls, producing 1 keys and 5 values 
10:36:33:942  INFO 33563 --- [main] org.reflections.Reflections              : Reflections took 4 ms to scan 1 urls, producing 1 keys and 7 values 
10:36:33:945  INFO 33563 --- [main] org.reflections.Reflections              : Reflections took 3 ms to scan 1 urls, producing 2 keys and 8 values 
10:36:33:946  WARN 33563 --- [main] org.reflections.Reflections              : given scan urls are empty. set urls in the configuration
10:36:33:947  INFO 33563 --- [main] com.alibaba.nacos.common.remote.client   : [187feaf6-1fd3-44fa-a67f-9a0594d1fa89] RpcClient init label, labels = {module=naming, source=sdk}
10:36:33:947  INFO 33563 --- [main] com.alibaba.nacos.common.remote.client   : [187feaf6-1fd3-44fa-a67f-9a0594d1fa89] RpcClient init, ServerListFactory = com.alibaba.nacos.client.naming.core.ServerListManager
10:36:33:947  INFO 33563 --- [main] com.alibaba.nacos.common.remote.client   : [187feaf6-1fd3-44fa-a67f-9a0594d1fa89] Registry connection listener to current client:com.alibaba.nacos.client.naming.remote.gprc.redo.NamingGrpcRedoService
10:36:33:947  INFO 33563 --- [main] com.alibaba.nacos.common.remote.client   : [187feaf6-1fd3-44fa-a67f-9a0594d1fa89] Register server push request handler:com.alibaba.nacos.client.naming.remote.gprc.NamingPushRequestHandler
10:36:33:948  INFO 33563 --- [main] com.alibaba.nacos.common.remote.client   : [187feaf6-1fd3-44fa-a67f-9a0594d1fa89] Try to connect to server on start up, server: {serverIp = '127.0.0.1', server main port = 8848}
10:36:34:252  INFO 33563 --- [main] com.alibaba.nacos.common.remote.client   : [187feaf6-1fd3-44fa-a67f-9a0594d1fa89] Success to connect to server [127.0.0.1:8848] on start up, connectionId = 1783823794107_192.168.65.1_17645
10:36:34:253  INFO 33563 --- [main] com.alibaba.nacos.common.remote.client   : [187feaf6-1fd3-44fa-a67f-9a0594d1fa89] Register server push request handler:com.alibaba.nacos.common.remote.client.RpcClient$ConnectResetRequestHandler
10:36:34:254  INFO 33563 --- [main] com.alibaba.nacos.common.remote.client   : [187feaf6-1fd3-44fa-a67f-9a0594d1fa89] Register server push request handler:com.alibaba.nacos.common.remote.client.RpcClient$$Lambda$962/0x00000008006ac440
10:36:34:253  INFO 33563 --- [com.alibaba.nacos.client.remote.worker] com.alibaba.nacos.common.remote.client   : [187feaf6-1fd3-44fa-a67f-9a0594d1fa89] Notify connected event to listeners.
10:36:34:345  INFO 33563 --- [main] o.s.b.w.embedded.tomcat.TomcatWebServer  : Tomcat started on port(s): 8085 (http) with context path ''
10:36:34:368  INFO 33563 --- [main] c.a.c.n.registry.NacosServiceRegistry    : nacos registry, DEFAULT_GROUP trade-service 192.168.31.200:8085 register finished
10:36:34:370  INFO 33563 --- [main] d.s.w.p.DocumentationPluginsBootstrapper : Documentation plugins bootstrapped
10:36:34:372  INFO 33563 --- [main] d.s.w.p.DocumentationPluginsBootstrapper : Found 1 custom documentation plugin(s)
10:36:34:385  INFO 33563 --- [main] s.d.s.w.s.ApiListingReferenceScanner     : Scanning for api listing references
10:36:34:434  INFO 33563 --- [main] com.hmall.trade.TradeApplication         : Started TradeApplication in 1.988 seconds (JVM running for 2.276)
10:36:34:863  INFO 33563 --- [nacos-grpc-client-executor-10] com.alibaba.nacos.common.remote.client   : [187feaf6-1fd3-44fa-a67f-9a0594d1fa89] Receive server push request, request = NotifySubscriberRequest, requestId = 29
10:36:34:864  INFO 33563 --- [nacos-grpc-client-executor-10] com.alibaba.nacos.common.remote.client   : [187feaf6-1fd3-44fa-a67f-9a0594d1fa89] Ack server push request, request = NotifySubscriberRequest, requestId = 29
10:50:16:730  WARN 33563 --- [Thread-7] c.a.n.common.http.HttpClientBeanHolder   : [HttpClientBeanHolder] Start destroying common HttpClient
10:50:16:730  WARN 33563 --- [Thread-4] c.a.nacos.common.notify.NotifyCenter     : [NotifyCenter] Start destroying Publisher
10:50:16:731  WARN 33563 --- [Thread-4] c.a.nacos.common.notify.NotifyCenter     : [NotifyCenter] Destruction of the end
10:50:16:731  WARN 33563 --- [Thread-7] c.a.n.common.http.HttpClientBeanHolder   : [HttpClientBeanHolder] Destruction of the end
10:50:17:785  INFO 33563 --- [SpringApplicationShutdownHook] c.a.c.n.registry.NacosServiceRegistry    : De-registering from Nacos Server now...
10:50:17:791  INFO 33563 --- [SpringApplicationShutdownHook] c.a.c.n.registry.NacosServiceRegistry    : De-registration finished.
10:50:18:104  INFO 33563 --- [SpringApplicationShutdownHook] com.alibaba.nacos.common.remote.client   : Shutdown rpc client, set status to shutdown
10:50:18:104  INFO 33563 --- [SpringApplicationShutdownHook] com.alibaba.nacos.common.remote.client   : Shutdown client event executor java.util.concurrent.ScheduledThreadPoolExecutor@72c9aceb[Running, pool size = 2, active threads = 2, queued tasks = 0, completed tasks = 0]
10:50:18:105  INFO 33563 --- [SpringApplicationShutdownHook] com.alibaba.nacos.common.remote.client   : Close current connection 1783823794107_192.168.65.1_17645
10:50:18:108  INFO 33563 --- [nacos-grpc-client-executor-343] c.a.n.c.remote.client.grpc.GrpcClient    : [1783823794107_192.168.65.1_17645]Ignore complete event,isRunning:false,isAbandon=false
10:50:18:115  INFO 33563 --- [SpringApplicationShutdownHook] c.a.n.c.remote.client.grpc.GrpcClient    : Shutdown grpc executor java.util.concurrent.ThreadPoolExecutor@652bed9f[Running, pool size = 8, active threads = 0, queued tasks = 0, completed tasks = 344]
10:50:19:195  INFO 37260 --- [main] com.hmall.trade.TradeApplication         : Starting TradeApplication using Java 11.0.31 on Miraitowa.local with PID 37260 (/Users/suns/IdeaProjects/hmall/trade-service/target/classes started by suns in /Users/suns/IdeaProjects/hmall)
10:50:19:196 DEBUG 37260 --- [main] com.hmall.trade.TradeApplication         : Running with Spring Boot v2.7.12, Spring v5.3.27
10:50:19:197  INFO 37260 --- [main] com.hmall.trade.TradeApplication         : The following 1 profile is active: "local"
10:50:19:545  INFO 37260 --- [main] o.s.cloud.context.scope.GenericScope     : BeanFactory id=ceb9d6f9-6a2f-359f-8715-b7f03af0bbe5
10:50:19:647  INFO 37260 --- [main] o.s.b.w.embedded.tomcat.TomcatWebServer  : Tomcat initialized with port(s): 8085 (http)
10:50:19:649  INFO 37260 --- [main] o.apache.catalina.core.StandardService   : Starting service [Tomcat]
10:50:19:649  INFO 37260 --- [main] org.apache.catalina.core.StandardEngine  : Starting Servlet engine: [Apache Tomcat/9.0.75]
10:50:19:683  INFO 37260 --- [main] o.a.c.c.C.[Tomcat].[localhost].[/]       : Initializing Spring embedded WebApplicationContext
10:50:19:683  INFO 37260 --- [main] w.s.c.ServletWebServerApplicationContext : Root WebApplicationContext: initialization completed in 461 ms
10:50:19:825  INFO 37260 --- [main] o.s.c.openfeign.FeignClientFactoryBean   : For 'cart-service' URL not provided. Will try picking an instance via load-balancing.
10:50:19:840  INFO 37260 --- [main] o.s.c.openfeign.FeignClientFactoryBean   : For 'item-service' URL not provided. Will try picking an instance via load-balancing.
10:50:19:996  INFO 37260 --- [main] pertySourcedRequestMappingHandlerMapping : Mapped URL path [/v2/api-docs] onto method [springfox.documentation.swagger2.web.Swagger2ControllerWebMvc#getDocumentation(String, HttpServletRequest)]
10:50:20:065  INFO 37260 --- [main] com.alibaba.nacos.common.remote.client   : [RpcClientFactory] create a new rpc client of b5e5952c-c3fe-4091-a507-d1704f6495da
10:50:20:078  INFO 37260 --- [main] org.reflections.Reflections              : Reflections took 7 ms to scan 1 urls, producing 3 keys and 6 values 
10:50:20:086  INFO 37260 --- [main] org.reflections.Reflections              : Reflections took 4 ms to scan 1 urls, producing 4 keys and 9 values 
10:50:20:090  INFO 37260 --- [main] org.reflections.Reflections              : Reflections took 4 ms to scan 1 urls, producing 3 keys and 10 values 
10:50:20:090  WARN 37260 --- [main] org.reflections.Reflections              : given scan urls are empty. set urls in the configuration
10:50:20:093  INFO 37260 --- [main] org.reflections.Reflections              : Reflections took 2 ms to scan 1 urls, producing 1 keys and 5 values 
10:50:20:097  INFO 37260 --- [main] org.reflections.Reflections              : Reflections took 3 ms to scan 1 urls, producing 1 keys and 7 values 
10:50:20:101  INFO 37260 --- [main] org.reflections.Reflections              : Reflections took 3 ms to scan 1 urls, producing 2 keys and 8 values 
10:50:20:102  WARN 37260 --- [main] org.reflections.Reflections              : given scan urls are empty. set urls in the configuration
10:50:20:102  INFO 37260 --- [main] com.alibaba.nacos.common.remote.client   : [b5e5952c-c3fe-4091-a507-d1704f6495da] RpcClient init label, labels = {module=naming, source=sdk}
10:50:20:103  INFO 37260 --- [main] com.alibaba.nacos.common.remote.client   : [b5e5952c-c3fe-4091-a507-d1704f6495da] RpcClient init, ServerListFactory = com.alibaba.nacos.client.naming.core.ServerListManager
10:50:20:103  INFO 37260 --- [main] com.alibaba.nacos.common.remote.client   : [b5e5952c-c3fe-4091-a507-d1704f6495da] Registry connection listener to current client:com.alibaba.nacos.client.naming.remote.gprc.redo.NamingGrpcRedoService
10:50:20:103  INFO 37260 --- [main] com.alibaba.nacos.common.remote.client   : [b5e5952c-c3fe-4091-a507-d1704f6495da] Register server push request handler:com.alibaba.nacos.client.naming.remote.gprc.NamingPushRequestHandler
10:50:20:104  INFO 37260 --- [main] com.alibaba.nacos.common.remote.client   : [b5e5952c-c3fe-4091-a507-d1704f6495da] Try to connect to server on start up, server: {serverIp = '127.0.0.1', server main port = 8848}
10:50:20:422  INFO 37260 --- [main] com.alibaba.nacos.common.remote.client   : [b5e5952c-c3fe-4091-a507-d1704f6495da] Success to connect to server [127.0.0.1:8848] on start up, connectionId = 1783824620267_192.168.65.1_52260
10:50:20:423  INFO 37260 --- [com.alibaba.nacos.client.remote.worker] com.alibaba.nacos.common.remote.client   : [b5e5952c-c3fe-4091-a507-d1704f6495da] Notify connected event to listeners.
10:50:20:423  INFO 37260 --- [main] com.alibaba.nacos.common.remote.client   : [b5e5952c-c3fe-4091-a507-d1704f6495da] Register server push request handler:com.alibaba.nacos.common.remote.client.RpcClient$ConnectResetRequestHandler
10:50:20:423  INFO 37260 --- [main] com.alibaba.nacos.common.remote.client   : [b5e5952c-c3fe-4091-a507-d1704f6495da] Register server push request handler:com.alibaba.nacos.common.remote.client.RpcClient$$Lambda$975/0x00000008006d4440
10:50:20:470  INFO 37260 --- [main] o.s.b.w.embedded.tomcat.TomcatWebServer  : Tomcat started on port(s): 8085 (http) with context path ''
10:50:20:476  INFO 37260 --- [main] c.a.c.n.registry.NacosServiceRegistry    : nacos registry, DEFAULT_GROUP trade-service 192.168.31.200:8085 register finished
10:50:20:477  INFO 37260 --- [main] d.s.w.p.DocumentationPluginsBootstrapper : Documentation plugins bootstrapped
10:50:20:479  INFO 37260 --- [main] d.s.w.p.DocumentationPluginsBootstrapper : Found 1 custom documentation plugin(s)
10:50:20:485  INFO 37260 --- [main] s.d.s.w.s.ApiListingReferenceScanner     : Scanning for api listing references
10:50:20:516  INFO 37260 --- [main] com.hmall.trade.TradeApplication         : Started TradeApplication in 1.512 seconds (JVM running for 1.736)
10:50:20:993  INFO 37260 --- [nacos-grpc-client-executor-11] com.alibaba.nacos.common.remote.client   : [b5e5952c-c3fe-4091-a507-d1704f6495da] Receive server push request, request = NotifySubscriberRequest, requestId = 64
10:50:20:994  INFO 37260 --- [nacos-grpc-client-executor-11] com.alibaba.nacos.common.remote.client   : [b5e5952c-c3fe-4091-a507-d1704f6495da] Ack server push request, request = NotifySubscriberRequest, requestId = 64
10:53:56:820  WARN 37260 --- [Thread-4] c.a.nacos.common.notify.NotifyCenter     : [NotifyCenter] Start destroying Publisher
10:53:56:821  WARN 37260 --- [Thread-4] c.a.nacos.common.notify.NotifyCenter     : [NotifyCenter] Destruction of the end
10:53:56:822  WARN 37260 --- [Thread-7] c.a.n.common.http.HttpClientBeanHolder   : [HttpClientBeanHolder] Start destroying common HttpClient
10:53:56:823  WARN 37260 --- [Thread-7] c.a.n.common.http.HttpClientBeanHolder   : [HttpClientBeanHolder] Destruction of the end
10:53:57:924  INFO 37260 --- [SpringApplicationShutdownHook] c.a.c.n.registry.NacosServiceRegistry    : De-registering from Nacos Server now...
10:53:57:930  INFO 37260 --- [SpringApplicationShutdownHook] c.a.c.n.registry.NacosServiceRegistry    : De-registration finished.
10:53:58:238  INFO 37260 --- [SpringApplicationShutdownHook] com.alibaba.nacos.common.remote.client   : Shutdown rpc client, set status to shutdown
10:53:58:238  INFO 37260 --- [SpringApplicationShutdownHook] com.alibaba.nacos.common.remote.client   : Shutdown client event executor java.util.concurrent.ScheduledThreadPoolExecutor@673b1548[Running, pool size = 2, active threads = 2, queued tasks = 0, completed tasks = 0]
10:53:58:238  INFO 37260 --- [SpringApplicationShutdownHook] com.alibaba.nacos.common.remote.client   : Close current connection 1783824620267_192.168.65.1_52260
10:53:58:241  INFO 37260 --- [nacos-grpc-client-executor-101] c.a.n.c.remote.client.grpc.GrpcClient    : [1783824620267_192.168.65.1_52260]Ignore complete event,isRunning:false,isAbandon=false
10:53:58:248  INFO 37260 --- [SpringApplicationShutdownHook] c.a.n.c.remote.client.grpc.GrpcClient    : Shutdown grpc executor java.util.concurrent.ThreadPoolExecutor@9504a46[Running, pool size = 8, active threads = 0, queued tasks = 0, completed tasks = 102]
10:54:07:380  INFO 38408 --- [main] com.hmall.trade.TradeApplication         : Starting TradeApplication using Java 11.0.31 on Miraitowa.local with PID 38408 (/Users/suns/IdeaProjects/hmall/trade-service/target/classes started by suns in /Users/suns/IdeaProjects/hmall)
10:54:07:381 DEBUG 38408 --- [main] com.hmall.trade.TradeApplication         : Running with Spring Boot v2.7.12, Spring v5.3.27
10:54:07:381  INFO 38408 --- [main] com.hmall.trade.TradeApplication         : The following 1 profile is active: "local"
10:54:07:758  INFO 38408 --- [main] o.s.cloud.context.scope.GenericScope     : BeanFactory id=ceb9d6f9-6a2f-359f-8715-b7f03af0bbe5
10:54:07:907  INFO 38408 --- [main] o.s.b.w.embedded.tomcat.TomcatWebServer  : Tomcat initialized with port(s): 8085 (http)
10:54:07:911  INFO 38408 --- [main] o.apache.catalina.core.StandardService   : Starting service [Tomcat]
10:54:07:911  INFO 38408 --- [main] org.apache.catalina.core.StandardEngine  : Starting Servlet engine: [Apache Tomcat/9.0.75]
10:54:07:967  INFO 38408 --- [main] o.a.c.c.C.[Tomcat].[localhost].[/]       : Initializing Spring embedded WebApplicationContext
10:54:07:967  INFO 38408 --- [main] w.s.c.ServletWebServerApplicationContext : Root WebApplicationContext: initialization completed in 563 ms
10:54:08:189  INFO 38408 --- [main] o.s.c.openfeign.FeignClientFactoryBean   : For 'cart-service' URL not provided. Will try picking an instance via load-balancing.
10:54:08:213  INFO 38408 --- [main] o.s.c.openfeign.FeignClientFactoryBean   : For 'item-service' URL not provided. Will try picking an instance via load-balancing.
10:54:08:453  INFO 38408 --- [main] pertySourcedRequestMappingHandlerMapping : Mapped URL path [/v2/api-docs] onto method [springfox.documentation.swagger2.web.Swagger2ControllerWebMvc#getDocumentation(String, HttpServletRequest)]
10:54:08:552  INFO 38408 --- [main] com.alibaba.nacos.common.remote.client   : [RpcClientFactory] create a new rpc client of c2410366-2a49-46e9-a2da-2d9f5111d217
10:54:08:568  INFO 38408 --- [main] org.reflections.Reflections              : Reflections took 9 ms to scan 1 urls, producing 3 keys and 6 values 
10:54:08:581  INFO 38408 --- [main] org.reflections.Reflections              : Reflections took 5 ms to scan 1 urls, producing 4 keys and 9 values 
10:54:08:586  INFO 38408 --- [main] org.reflections.Reflections              : Reflections took 4 ms to scan 1 urls, producing 3 keys and 10 values 
10:54:08:587  WARN 38408 --- [main] org.reflections.Reflections              : given scan urls are empty. set urls in the configuration
10:54:08:590  INFO 38408 --- [main] org.reflections.Reflections              : Reflections took 3 ms to scan 1 urls, producing 1 keys and 5 values 
10:54:08:594  INFO 38408 --- [main] org.reflections.Reflections              : Reflections took 3 ms to scan 1 urls, producing 1 keys and 7 values 
10:54:08:598  INFO 38408 --- [main] org.reflections.Reflections              : Reflections took 3 ms to scan 1 urls, producing 2 keys and 8 values 
10:54:08:599  WARN 38408 --- [main] org.reflections.Reflections              : given scan urls are empty. set urls in the configuration
10:54:08:599  INFO 38408 --- [main] com.alibaba.nacos.common.remote.client   : [c2410366-2a49-46e9-a2da-2d9f5111d217] RpcClient init label, labels = {module=naming, source=sdk}
10:54:08:600  INFO 38408 --- [main] com.alibaba.nacos.common.remote.client   : [c2410366-2a49-46e9-a2da-2d9f5111d217] RpcClient init, ServerListFactory = com.alibaba.nacos.client.naming.core.ServerListManager
10:54:08:600  INFO 38408 --- [main] com.alibaba.nacos.common.remote.client   : [c2410366-2a49-46e9-a2da-2d9f5111d217] Registry connection listener to current client:com.alibaba.nacos.client.naming.remote.gprc.redo.NamingGrpcRedoService
10:54:08:601  INFO 38408 --- [main] com.alibaba.nacos.common.remote.client   : [c2410366-2a49-46e9-a2da-2d9f5111d217] Register server push request handler:com.alibaba.nacos.client.naming.remote.gprc.NamingPushRequestHandler
10:54:08:602  INFO 38408 --- [main] com.alibaba.nacos.common.remote.client   : [c2410366-2a49-46e9-a2da-2d9f5111d217] Try to connect to server on start up, server: {serverIp = '127.0.0.1', server main port = 8848}
10:54:08:934  INFO 38408 --- [main] com.alibaba.nacos.common.remote.client   : [c2410366-2a49-46e9-a2da-2d9f5111d217] Success to connect to server [127.0.0.1:8848] on start up, connectionId = 1783824848789_192.168.65.1_20399
10:54:08:934  INFO 38408 --- [com.alibaba.nacos.client.remote.worker] com.alibaba.nacos.common.remote.client   : [c2410366-2a49-46e9-a2da-2d9f5111d217] Notify connected event to listeners.
10:54:08:935  INFO 38408 --- [main] com.alibaba.nacos.common.remote.client   : [c2410366-2a49-46e9-a2da-2d9f5111d217] Register server push request handler:com.alibaba.nacos.common.remote.client.RpcClient$ConnectResetRequestHandler
10:54:08:935  INFO 38408 --- [main] com.alibaba.nacos.common.remote.client   : [c2410366-2a49-46e9-a2da-2d9f5111d217] Register server push request handler:com.alibaba.nacos.common.remote.client.RpcClient$$Lambda$975/0x00000008006d3040
10:54:08:973  INFO 38408 --- [main] o.s.b.w.embedded.tomcat.TomcatWebServer  : Tomcat started on port(s): 8085 (http) with context path ''
10:54:08:981  INFO 38408 --- [main] c.a.c.n.registry.NacosServiceRegistry    : nacos registry, DEFAULT_GROUP trade-service 192.168.31.200:8085 register finished
10:54:08:983  INFO 38408 --- [main] d.s.w.p.DocumentationPluginsBootstrapper : Documentation plugins bootstrapped
10:54:08:984  INFO 38408 --- [main] d.s.w.p.DocumentationPluginsBootstrapper : Found 1 custom documentation plugin(s)
10:54:08:991  INFO 38408 --- [main] s.d.s.w.s.ApiListingReferenceScanner     : Scanning for api listing references
10:54:09:029  INFO 38408 --- [main] com.hmall.trade.TradeApplication         : Started TradeApplication in 1.853 seconds (JVM running for 2.099)
10:54:09:540  INFO 38408 --- [nacos-grpc-client-executor-11] com.alibaba.nacos.common.remote.client   : [c2410366-2a49-46e9-a2da-2d9f5111d217] Receive server push request, request = NotifySubscriberRequest, requestId = 76
10:54:09:542  INFO 38408 --- [nacos-grpc-client-executor-11] com.alibaba.nacos.common.remote.client   : [c2410366-2a49-46e9-a2da-2d9f5111d217] Ack server push request, request = NotifySubscriberRequest, requestId = 76
10:55:09:545  INFO 38408 --- [http-nio-8085-exec-1] o.a.c.c.C.[Tomcat].[localhost].[/]       : Initializing Spring DispatcherServlet 'dispatcherServlet'
10:55:09:546  INFO 38408 --- [http-nio-8085-exec-1] o.s.web.servlet.DispatcherServlet        : Initializing Servlet 'dispatcherServlet'
10:55:09:548  INFO 38408 --- [http-nio-8085-exec-1] o.s.web.servlet.DispatcherServlet        : Completed initialization in 2 ms
10:55:09:569  INFO 38408 --- [http-nio-8085-exec-1] com.zaxxer.hikari.HikariDataSource       : HikariPool-1 - Starting...
10:55:09:655  INFO 38408 --- [http-nio-8085-exec-1] com.zaxxer.hikari.HikariDataSource       : HikariPool-1 - Start completed.
10:55:09:662 DEBUG 38408 --- [http-nio-8085-exec-1] com.hmall.api.client.ItemClient          : [ItemClient#queryItemByIds] ---> GET http://item-service/items?ids=100000004580&ids=100000011113 HTTP/1.1
10:55:09:662 DEBUG 38408 --- [http-nio-8085-exec-1] com.hmall.api.client.ItemClient          : [ItemClient#queryItemByIds] user-info: 1
10:55:09:663 DEBUG 38408 --- [http-nio-8085-exec-1] com.hmall.api.client.ItemClient          : [ItemClient#queryItemByIds] ---> END HTTP (0-byte body)
10:55:09:715 DEBUG 38408 --- [http-nio-8085-exec-1] com.hmall.api.client.ItemClient          : [ItemClient#queryItemByIds] <--- HTTP/1.1 200 (51ms)
10:55:09:715 DEBUG 38408 --- [http-nio-8085-exec-1] com.hmall.api.client.ItemClient          : [ItemClient#queryItemByIds] connection: keep-alive
10:55:09:715 DEBUG 38408 --- [http-nio-8085-exec-1] com.hmall.api.client.ItemClient          : [ItemClient#queryItemByIds] content-type: application/json
10:55:09:715 DEBUG 38408 --- [http-nio-8085-exec-1] com.hmall.api.client.ItemClient          : [ItemClient#queryItemByIds] date: Sun, 12 Jul 2026 02:55:09 GMT
10:55:09:715 DEBUG 38408 --- [http-nio-8085-exec-1] com.hmall.api.client.ItemClient          : [ItemClient#queryItemByIds] keep-alive: timeout=4
10:55:09:715 DEBUG 38408 --- [http-nio-8085-exec-1] com.hmall.api.client.ItemClient          : [ItemClient#queryItemByIds] proxy-connection: keep-alive
10:55:09:715 DEBUG 38408 --- [http-nio-8085-exec-1] com.hmall.api.client.ItemClient          : [ItemClient#queryItemByIds] transfer-encoding: chunked
10:55:09:715 DEBUG 38408 --- [http-nio-8085-exec-1] com.hmall.api.client.ItemClient          : [ItemClient#queryItemByIds] 
10:55:09:715 DEBUG 38408 --- [http-nio-8085-exec-1] com.hmall.api.client.ItemClient          : [ItemClient#queryItemByIds] [{"id":"100000004580","name":"薇妮(viney)女士单肩包 时尚牛皮女包百搭斜挎包女士手提大包(经典黑)","price":87900,"stock":9994,"image":"https://m.360buyimg.com/mobilecms/s720x720_jfs/t5590/64/5811657380/234462/5398e856/5965e173N34179777.jpg!q70.jpg.webp","category":"真皮包","brand":"viney","spec":"{\"颜色\": \"黑色\"}","sold":22233,"commentCount":2223232,"isAD":false,"status":1},{"id":"100000011113","name":"莎米特SUMMIT拉杆箱22英寸PC材质万向轮旅行箱行李箱PC154T4A可扩容 法拉利红","price":78900,"stock":10000,"image":"https://m.360buyimg.com/mobilecms/s720x720_jfs/t1/25363/12/2929/274060/5c21df3aE1789bda7/030af31afd116ae0.jpg!q70.jpg.webp","category":"拉杆箱","brand":"莎米特","spec":"{\"颜色\": \"红色\"}","sold":435,"commentCount":334434,"isAD":false,"status":1}]
10:55:09:715 DEBUG 38408 --- [http-nio-8085-exec-1] com.hmall.api.client.ItemClient          : [ItemClient#queryItemByIds] <--- END HTTP (836-byte body)
10:55:09:728 DEBUG 38408 --- [http-nio-8085-exec-1] c.hmall.trade.mapper.OrderMapper.insert  : ==>  Preparing: INSERT INTO `order` ( id, total_fee, payment_type, user_id, status ) VALUES ( ?, ?, ?, ?, ? )
10:55:09:734 DEBUG 38408 --- [http-nio-8085-exec-1] c.hmall.trade.mapper.OrderMapper.insert  : ==> Parameters: 2076138264621563906(Long), 166800(Integer), 3(Integer), 1(Long), 1(Integer)
10:55:09:740 DEBUG 38408 --- [http-nio-8085-exec-1] c.hmall.trade.mapper.OrderMapper.insert  : <==    Updates: 1
10:55:09:746 DEBUG 38408 --- [http-nio-8085-exec-1] c.h.t.mapper.OrderDetailMapper.insert    : ==>  Preparing: INSERT INTO order_detail ( order_id, item_id, num, name, spec, price, image ) VALUES ( ?, ?, ?, ?, ?, ?, ? )
10:55:09:746 DEBUG 38408 --- [http-nio-8085-exec-1] c.h.t.mapper.OrderDetailMapper.insert    : ==> Parameters: 2076138264621563906(Long), 100000004580(Long), 1(Integer), 薇妮(viney)女士单肩包 时尚牛皮女包百搭斜挎包女士手提大包(经典黑)(String), {"颜色": "黑色"}(String), 87900(Integer), https://m.360buyimg.com/mobilecms/s720x720_jfs/t5590/64/5811657380/234462/5398e856/5965e173N34179777.jpg!q70.jpg.webp(String)
10:55:09:746 DEBUG 38408 --- [http-nio-8085-exec-1] c.h.t.mapper.OrderDetailMapper.insert    : ==> Parameters: 2076138264621563906(Long), 100000011113(Long), 1(Integer), 莎米特SUMMIT拉杆箱22英寸PC材质万向轮旅行箱行李箱PC154T4A可扩容 法拉利红(String), {"颜色": "红色"}(String), 78900(Integer), https://m.360buyimg.com/mobilecms/s720x720_jfs/t1/25363/12/2929/274060/5c21df3aE1789bda7/030af31afd116ae0.jpg!q70.jpg.webp(String)
10:55:09:754 DEBUG 38408 --- [http-nio-8085-exec-1] com.hmall.api.client.CartClient          : [CartClient#removeByItemIds] ---> DELETE http://cart-service/carts?ids=100000004580&ids=100000011113 HTTP/1.1
10:55:09:754 DEBUG 38408 --- [http-nio-8085-exec-1] com.hmall.api.client.CartClient          : [CartClient#removeByItemIds] user-info: 1
10:55:09:754 DEBUG 38408 --- [http-nio-8085-exec-1] com.hmall.api.client.CartClient          : [CartClient#removeByItemIds] ---> END HTTP (0-byte body)
10:55:09:770 DEBUG 38408 --- [http-nio-8085-exec-1] com.hmall.api.client.CartClient          : [CartClient#removeByItemIds] <--- HTTP/1.1 200 (15ms)
10:55:09:770 DEBUG 38408 --- [http-nio-8085-exec-1] com.hmall.api.client.CartClient          : [CartClient#removeByItemIds] connection: keep-alive
10:55:09:770 DEBUG 38408 --- [http-nio-8085-exec-1] com.hmall.api.client.CartClient          : [CartClient#removeByItemIds] content-length: 0
10:55:09:770 DEBUG 38408 --- [http-nio-8085-exec-1] com.hmall.api.client.CartClient          : [CartClient#removeByItemIds] date: Sun, 12 Jul 2026 02:55:09 GMT
10:55:09:770 DEBUG 38408 --- [http-nio-8085-exec-1] com.hmall.api.client.CartClient          : [CartClient#removeByItemIds] keep-alive: timeout=4
10:55:09:770 DEBUG 38408 --- [http-nio-8085-exec-1] com.hmall.api.client.CartClient          : [CartClient#removeByItemIds] proxy-connection: keep-alive
10:55:09:770 DEBUG 38408 --- [http-nio-8085-exec-1] com.hmall.api.client.CartClient          : [CartClient#removeByItemIds] 
10:55:09:770 DEBUG 38408 --- [http-nio-8085-exec-1] com.hmall.api.client.CartClient          : [CartClient#removeByItemIds] <--- END HTTP (0-byte body)
10:55:09:774 DEBUG 38408 --- [http-nio-8085-exec-1] com.hmall.api.client.ItemClient          : [ItemClient#deductStock] ---> PUT http://item-service/items/stock/deduct HTTP/1.1
10:55:09:774 DEBUG 38408 --- [http-nio-8085-exec-1] com.hmall.api.client.ItemClient          : [ItemClient#deductStock] Content-Length: 69
10:55:09:774 DEBUG 38408 --- [http-nio-8085-exec-1] com.hmall.api.client.ItemClient          : [ItemClient#deductStock] Content-Type: application/json
10:55:09:774 DEBUG 38408 --- [http-nio-8085-exec-1] com.hmall.api.client.ItemClient          : [ItemClient#deductStock] user-info: 1
10:55:09:774 DEBUG 38408 --- [http-nio-8085-exec-1] com.hmall.api.client.ItemClient          : [ItemClient#deductStock] 
10:55:09:774 DEBUG 38408 --- [http-nio-8085-exec-1] com.hmall.api.client.ItemClient          : [ItemClient#deductStock] [{"itemId":"100000004580","num":1},{"itemId":"100000011113","num":1}]
10:55:09:774 DEBUG 38408 --- [http-nio-8085-exec-1] com.hmall.api.client.ItemClient          : [ItemClient#deductStock] ---> END HTTP (69-byte body)
10:55:09:784 DEBUG 38408 --- [http-nio-8085-exec-1] com.hmall.api.client.ItemClient          : [ItemClient#deductStock] <--- HTTP/1.1 200 (9ms)
10:55:09:784 DEBUG 38408 --- [http-nio-8085-exec-1] com.hmall.api.client.ItemClient          : [ItemClient#deductStock] connection: keep-alive
10:55:09:784 DEBUG 38408 --- [http-nio-8085-exec-1] com.hmall.api.client.ItemClient          : [ItemClient#deductStock] content-length: 0
10:55:09:784 DEBUG 38408 --- [http-nio-8085-exec-1] com.hmall.api.client.ItemClient          : [ItemClient#deductStock] date: Sun, 12 Jul 2026 02:55:09 GMT
10:55:09:784 DEBUG 38408 --- [http-nio-8085-exec-1] com.hmall.api.client.ItemClient          : [ItemClient#deductStock] keep-alive: timeout=4
10:55:09:784 DEBUG 38408 --- [http-nio-8085-exec-1] com.hmall.api.client.ItemClient          : [ItemClient#deductStock] proxy-connection: keep-alive
10:55:09:784 DEBUG 38408 --- [http-nio-8085-exec-1] com.hmall.api.client.ItemClient          : [ItemClient#deductStock] 
10:55:09:784 DEBUG 38408 --- [http-nio-8085-exec-1] com.hmall.api.client.ItemClient          : [ItemClient#deductStock] <--- END HTTP (0-byte body)
10:55:09:826 DEBUG 38408 --- [http-nio-8085-exec-2] c.h.trade.mapper.OrderMapper.selectById  : ==>  Preparing: SELECT id,total_fee,payment_type,user_id,status,create_time,pay_time,consign_time,end_time,close_time,comment_time,update_time FROM `order` WHERE id=?
10:55:09:826 DEBUG 38408 --- [http-nio-8085-exec-2] c.h.trade.mapper.OrderMapper.selectById  : ==> Parameters: 2076138264621563906(Long)
10:55:09:831 DEBUG 38408 --- [http-nio-8085-exec-2] c.h.trade.mapper.OrderMapper.selectById  : <==      Total: 1
10:55:10:325  INFO 38408 --- [nacos-grpc-client-executor-41] com.alibaba.nacos.common.remote.client   : [c2410366-2a49-46e9-a2da-2d9f5111d217] Receive server push request, request = NotifySubscriberRequest, requestId = 89
10:55:10:325  INFO 38408 --- [nacos-grpc-client-executor-41] com.alibaba.nacos.common.remote.client   : [c2410366-2a49-46e9-a2da-2d9f5111d217] Ack server push request, request = NotifySubscriberRequest, requestId = 89
10:55:10:329  INFO 38408 --- [nacos-grpc-client-executor-42] com.alibaba.nacos.common.remote.client   : [c2410366-2a49-46e9-a2da-2d9f5111d217] Receive server push request, request = NotifySubscriberRequest, requestId = 90
10:55:10:330  INFO 38408 --- [nacos-grpc-client-executor-42] com.alibaba.nacos.common.remote.client   : [c2410366-2a49-46e9-a2da-2d9f5111d217] Ack server push request, request = NotifySubscriberRequest, requestId = 90
10:55:53:857 DEBUG 38408 --- [http-nio-8085-exec-3] c.h.trade.mapper.OrderMapper.selectById  : ==>  Preparing: SELECT id,total_fee,payment_type,user_id,status,create_time,pay_time,consign_time,end_time,close_time,comment_time,update_time FROM `order` WHERE id=?
10:55:53:858 DEBUG 38408 --- [http-nio-8085-exec-3] c.h.trade.mapper.OrderMapper.selectById  : ==> Parameters: 2076138264621563906(Long)
10:55:53:861 DEBUG 38408 --- [http-nio-8085-exec-3] c.h.trade.mapper.OrderMapper.selectById  : <==      Total: 1
10:56:07:093 DEBUG 38408 --- [http-nio-8085-exec-4] c.h.trade.mapper.OrderMapper.selectById  : ==>  Preparing: SELECT id,total_fee,payment_type,user_id,status,create_time,pay_time,consign_time,end_time,close_time,comment_time,update_time FROM `order` WHERE id=?
10:56:07:094 DEBUG 38408 --- [http-nio-8085-exec-4] c.h.trade.mapper.OrderMapper.selectById  : ==> Parameters: 2076138264621563906(Long)
10:56:07:097 DEBUG 38408 --- [http-nio-8085-exec-4] c.h.trade.mapper.OrderMapper.selectById  : <==      Total: 1
10:56:08:001 DEBUG 38408 --- [http-nio-8085-exec-5] c.h.trade.mapper.OrderMapper.selectById  : ==>  Preparing: SELECT id,total_fee,payment_type,user_id,status,create_time,pay_time,consign_time,end_time,close_time,comment_time,update_time FROM `order` WHERE id=?
10:56:08:002 DEBUG 38408 --- [http-nio-8085-exec-5] c.h.trade.mapper.OrderMapper.selectById  : ==> Parameters: 2076138264621563906(Long)
10:56:08:005 DEBUG 38408 --- [http-nio-8085-exec-5] c.h.trade.mapper.OrderMapper.selectById  : <==      Total: 1
10:56:15:479 DEBUG 38408 --- [http-nio-8085-exec-6] c.h.trade.mapper.OrderMapper.selectById  : ==>  Preparing: SELECT id,total_fee,payment_type,user_id,status,create_time,pay_time,consign_time,end_time,close_time,comment_time,update_time FROM `order` WHERE id=?
10:56:15:480 DEBUG 38408 --- [http-nio-8085-exec-6] c.h.trade.mapper.OrderMapper.selectById  : ==> Parameters: 2076138264621563906(Long)
10:56:15:481 DEBUG 38408 --- [http-nio-8085-exec-6] c.h.trade.mapper.OrderMapper.selectById  : <==      Total: 1
11:53:52:226  WARN 38408 --- [Thread-4] c.a.nacos.common.notify.NotifyCenter     : [NotifyCenter] Start destroying Publisher
11:53:52:227  WARN 38408 --- [Thread-7] c.a.n.common.http.HttpClientBeanHolder   : [HttpClientBeanHolder] Start destroying common HttpClient
11:53:52:227  WARN 38408 --- [Thread-4] c.a.nacos.common.notify.NotifyCenter     : [NotifyCenter] Destruction of the end
11:53:52:228  WARN 38408 --- [Thread-7] c.a.n.common.http.HttpClientBeanHolder   : [HttpClientBeanHolder] Destruction of the end
11:53:53:256  INFO 38408 --- [SpringApplicationShutdownHook] c.a.c.n.registry.NacosServiceRegistry    : De-registering from Nacos Server now...
11:53:53:260  INFO 38408 --- [SpringApplicationShutdownHook] c.a.c.n.registry.NacosServiceRegistry    : De-registration finished.
11:53:53:565  INFO 38408 --- [SpringApplicationShutdownHook] com.alibaba.nacos.common.remote.client   : Shutdown rpc client, set status to shutdown
11:53:53:565  INFO 38408 --- [SpringApplicationShutdownHook] com.alibaba.nacos.common.remote.client   : Shutdown client event executor java.util.concurrent.ScheduledThreadPoolExecutor@7c6733b0[Running, pool size = 2, active threads = 2, queued tasks = 0, completed tasks = 0]
11:53:53:565  INFO 38408 --- [SpringApplicationShutdownHook] com.alibaba.nacos.common.remote.client   : Close current connection 1783824848789_192.168.65.1_20399
11:53:53:567  INFO 38408 --- [nacos-grpc-client-executor-1187] c.a.n.c.remote.client.grpc.GrpcClient    : [1783824848789_192.168.65.1_20399]Ignore complete event,isRunning:false,isAbandon=false
11:53:53:568  INFO 38408 --- [SpringApplicationShutdownHook] c.a.n.c.remote.client.grpc.GrpcClient    : Shutdown grpc executor java.util.concurrent.ThreadPoolExecutor@73bc9b54[Running, pool size = 7, active threads = 0, queued tasks = 0, completed tasks = 1188]
11:53:53:591  INFO 38408 --- [SpringApplicationShutdownHook] com.zaxxer.hikari.HikariDataSource       : HikariPool-1 - Shutdown initiated...
11:53:53:596  INFO 38408 --- [SpringApplicationShutdownHook] com.zaxxer.hikari.HikariDataSource       : HikariPool-1 - Shutdown completed.
11:53:54:892  INFO 53969 --- [main] com.hmall.trade.TradeApplication         : Starting TradeApplication using Java 11.0.31 on Miraitowa.local with PID 53969 (/Users/suns/IdeaProjects/hmall/trade-service/target/classes started by suns in /Users/suns/IdeaProjects/hmall)
11:53:54:892 DEBUG 53969 --- [main] com.hmall.trade.TradeApplication         : Running with Spring Boot v2.7.12, Spring v5.3.27
11:53:54:893  INFO 53969 --- [main] com.hmall.trade.TradeApplication         : The following 1 profile is active: "local"
11:53:55:232  INFO 53969 --- [main] o.s.cloud.context.scope.GenericScope     : BeanFactory id=ceb9d6f9-6a2f-359f-8715-b7f03af0bbe5
11:53:55:335  INFO 53969 --- [main] o.s.b.w.embedded.tomcat.TomcatWebServer  : Tomcat initialized with port(s): 8085 (http)
11:53:55:338  INFO 53969 --- [main] o.apache.catalina.core.StandardService   : Starting service [Tomcat]
11:53:55:338  INFO 53969 --- [main] org.apache.catalina.core.StandardEngine  : Starting Servlet engine: [Apache Tomcat/9.0.75]
11:53:55:370  INFO 53969 --- [main] o.a.c.c.C.[Tomcat].[localhost].[/]       : Initializing Spring embedded WebApplicationContext
11:53:55:371  INFO 53969 --- [main] w.s.c.ServletWebServerApplicationContext : Root WebApplicationContext: initialization completed in 463 ms
11:53:55:511  INFO 53969 --- [main] o.s.c.openfeign.FeignClientFactoryBean   : For 'cart-service' URL not provided. Will try picking an instance via load-balancing.
11:53:55:525  INFO 53969 --- [main] o.s.c.openfeign.FeignClientFactoryBean   : For 'item-service' URL not provided. Will try picking an instance via load-balancing.
11:53:55:687  INFO 53969 --- [main] pertySourcedRequestMappingHandlerMapping : Mapped URL path [/v2/api-docs] onto method [springfox.documentation.swagger2.web.Swagger2ControllerWebMvc#getDocumentation(String, HttpServletRequest)]
11:53:55:761  INFO 53969 --- [main] com.alibaba.nacos.common.remote.client   : [RpcClientFactory] create a new rpc client of 14a07ad2-058e-4f0c-93c6-8fbfa281e599
11:53:55:775  INFO 53969 --- [main] org.reflections.Reflections              : Reflections took 8 ms to scan 1 urls, producing 3 keys and 6 values 
11:53:55:783  INFO 53969 --- [main] org.reflections.Reflections              : Reflections took 4 ms to scan 1 urls, producing 4 keys and 9 values 
11:53:55:787  INFO 53969 --- [main] org.reflections.Reflections              : Reflections took 2 ms to scan 1 urls, producing 3 keys and 10 values 
11:53:55:787  WARN 53969 --- [main] org.reflections.Reflections              : given scan urls are empty. set urls in the configuration
11:53:55:790  INFO 53969 --- [main] org.reflections.Reflections              : Reflections took 3 ms to scan 1 urls, producing 1 keys and 5 values 
11:53:55:794  INFO 53969 --- [main] org.reflections.Reflections              : Reflections took 3 ms to scan 1 urls, producing 1 keys and 7 values 
11:53:55:797  INFO 53969 --- [main] org.reflections.Reflections              : Reflections took 3 ms to scan 1 urls, producing 2 keys and 8 values 
11:53:55:798  WARN 53969 --- [main] org.reflections.Reflections              : given scan urls are empty. set urls in the configuration
11:53:55:798  INFO 53969 --- [main] com.alibaba.nacos.common.remote.client   : [14a07ad2-058e-4f0c-93c6-8fbfa281e599] RpcClient init label, labels = {module=naming, source=sdk}
11:53:55:799  INFO 53969 --- [main] com.alibaba.nacos.common.remote.client   : [14a07ad2-058e-4f0c-93c6-8fbfa281e599] RpcClient init, ServerListFactory = com.alibaba.nacos.client.naming.core.ServerListManager
11:53:55:799  INFO 53969 --- [main] com.alibaba.nacos.common.remote.client   : [14a07ad2-058e-4f0c-93c6-8fbfa281e599] Registry connection listener to current client:com.alibaba.nacos.client.naming.remote.gprc.redo.NamingGrpcRedoService
11:53:55:799  INFO 53969 --- [main] com.alibaba.nacos.common.remote.client   : [14a07ad2-058e-4f0c-93c6-8fbfa281e599] Register server push request handler:com.alibaba.nacos.client.naming.remote.gprc.NamingPushRequestHandler
11:53:55:800  INFO 53969 --- [main] com.alibaba.nacos.common.remote.client   : [14a07ad2-058e-4f0c-93c6-8fbfa281e599] Try to connect to server on start up, server: {serverIp = '127.0.0.1', server main port = 8848}
11:53:56:076  INFO 53969 --- [main] com.alibaba.nacos.common.remote.client   : [14a07ad2-058e-4f0c-93c6-8fbfa281e599] Success to connect to server [127.0.0.1:8848] on start up, connectionId = 1783828435935_192.168.65.1_42719
11:53:56:076  INFO 53969 --- [com.alibaba.nacos.client.remote.worker] com.alibaba.nacos.common.remote.client   : [14a07ad2-058e-4f0c-93c6-8fbfa281e599] Notify connected event to listeners.
11:53:56:077  INFO 53969 --- [main] com.alibaba.nacos.common.remote.client   : [14a07ad2-058e-4f0c-93c6-8fbfa281e599] Register server push request handler:com.alibaba.nacos.common.remote.client.RpcClient$ConnectResetRequestHandler
11:53:56:077  INFO 53969 --- [main] com.alibaba.nacos.common.remote.client   : [14a07ad2-058e-4f0c-93c6-8fbfa281e599] Register server push request handler:com.alibaba.nacos.common.remote.client.RpcClient$$Lambda$975/0x00000008006d4c40
11:53:56:119  INFO 53969 --- [main] o.s.b.w.embedded.tomcat.TomcatWebServer  : Tomcat started on port(s): 8085 (http) with context path ''
11:53:56:125  INFO 53969 --- [main] c.a.c.n.registry.NacosServiceRegistry    : nacos registry, DEFAULT_GROUP trade-service 192.168.31.200:8085 register finished
11:53:56:127  INFO 53969 --- [main] d.s.w.p.DocumentationPluginsBootstrapper : Documentation plugins bootstrapped
11:53:56:128  INFO 53969 --- [main] d.s.w.p.DocumentationPluginsBootstrapper : Found 1 custom documentation plugin(s)
11:53:56:134  INFO 53969 --- [main] s.d.s.w.s.ApiListingReferenceScanner     : Scanning for api listing references
11:53:56:161  INFO 53969 --- [main] com.hmall.trade.TradeApplication         : Started TradeApplication in 1.523 seconds (JVM running for 1.822)
11:53:56:656  INFO 53969 --- [nacos-grpc-client-executor-11] com.alibaba.nacos.common.remote.client   : [14a07ad2-058e-4f0c-93c6-8fbfa281e599] Receive server push request, request = NotifySubscriberRequest, requestId = 96
11:53:56:658  INFO 53969 --- [nacos-grpc-client-executor-11] com.alibaba.nacos.common.remote.client   : [14a07ad2-058e-4f0c-93c6-8fbfa281e599] Ack server push request, request = NotifySubscriberRequest, requestId = 96
12:45:48:243  INFO 53969 --- [nacos-grpc-client-executor-479] com.alibaba.nacos.common.remote.client   : [14a07ad2-058e-4f0c-93c6-8fbfa281e599] Receive server push request, request = ClientDetectionRequest, requestId = 114
12:45:48:244  INFO 53969 --- [nacos-grpc-client-executor-479] com.alibaba.nacos.common.remote.client   : [14a07ad2-058e-4f0c-93c6-8fbfa281e599] Ack server push request, request = ClientDetectionRequest, requestId = 114
13:04:27:102  INFO 53969 --- [nacos-grpc-client-executor-512] com.alibaba.nacos.common.remote.client   : [14a07ad2-058e-4f0c-93c6-8fbfa281e599] Receive server push request, request = ClientDetectionRequest, requestId = 118
13:04:27:103  INFO 53969 --- [nacos-grpc-client-executor-512] com.alibaba.nacos.common.remote.client   : [14a07ad2-058e-4f0c-93c6-8fbfa281e599] Ack server push request, request = ClientDetectionRequest, requestId = 118
13:22:44:912  INFO 53969 --- [nacos-grpc-client-executor-527] com.alibaba.nacos.common.remote.client   : [14a07ad2-058e-4f0c-93c6-8fbfa281e599] Receive server push request, request = ClientDetectionRequest, requestId = 122
13:22:44:913  INFO 53969 --- [nacos-grpc-client-executor-527] com.alibaba.nacos.common.remote.client   : [14a07ad2-058e-4f0c-93c6-8fbfa281e599] Ack server push request, request = ClientDetectionRequest, requestId = 122
13:41:40:209  INFO 53969 --- [nacos-grpc-client-executor-552] com.alibaba.nacos.common.remote.client   : [14a07ad2-058e-4f0c-93c6-8fbfa281e599] Receive server push request, request = ClientDetectionRequest, requestId = 126
13:41:40:210  INFO 53969 --- [nacos-grpc-client-executor-552] com.alibaba.nacos.common.remote.client   : [14a07ad2-058e-4f0c-93c6-8fbfa281e599] Ack server push request, request = ClientDetectionRequest, requestId = 126
13:58:12:757  INFO 53969 --- [nacos-grpc-client-executor-568] com.alibaba.nacos.common.remote.client   : [14a07ad2-058e-4f0c-93c6-8fbfa281e599] Receive server push request, request = ClientDetectionRequest, requestId = 130
13:58:12:758  INFO 53969 --- [nacos-grpc-client-executor-568] com.alibaba.nacos.common.remote.client   : [14a07ad2-058e-4f0c-93c6-8fbfa281e599] Ack server push request, request = ClientDetectionRequest, requestId = 130
14:10:02:524  INFO 53969 --- [nacos-grpc-client-executor-576] com.alibaba.nacos.common.remote.client   : [14a07ad2-058e-4f0c-93c6-8fbfa281e599] Receive server push request, request = ClientDetectionRequest, requestId = 135
14:10:02:529  INFO 53969 --- [nacos-grpc-client-executor-576] com.alibaba.nacos.common.remote.client   : [14a07ad2-058e-4f0c-93c6-8fbfa281e599] Ack server push request, request = ClientDetectionRequest, requestId = 135
14:26:16:979  INFO 53969 --- [nacos-grpc-client-executor-591] com.alibaba.nacos.common.remote.client   : [14a07ad2-058e-4f0c-93c6-8fbfa281e599] Receive server push request, request = ClientDetectionRequest, requestId = 140
14:26:16:980  INFO 53969 --- [nacos-grpc-client-executor-591] com.alibaba.nacos.common.remote.client   : [14a07ad2-058e-4f0c-93c6-8fbfa281e599] Ack server push request, request = ClientDetectionRequest, requestId = 140
14:55:40:338  INFO 53969 --- [nacos-grpc-client-executor-621] com.alibaba.nacos.common.remote.client   : [14a07ad2-058e-4f0c-93c6-8fbfa281e599] Receive server push request, request = ClientDetectionRequest, requestId = 154
14:55:40:340  INFO 53969 --- [nacos-grpc-client-executor-621] com.alibaba.nacos.common.remote.client   : [14a07ad2-058e-4f0c-93c6-8fbfa281e599] Ack server push request, request = ClientDetectionRequest, requestId = 154
16:11:10:490  INFO 53969 --- [nacos-grpc-client-executor-1466] com.alibaba.nacos.common.remote.client   : [14a07ad2-058e-4f0c-93c6-8fbfa281e599] Receive server push request, request = ClientDetectionRequest, requestId = 164
16:11:10:492  INFO 53969 --- [nacos-grpc-client-executor-1466] com.alibaba.nacos.common.remote.client   : [14a07ad2-058e-4f0c-93c6-8fbfa281e599] Ack server push request, request = ClientDetectionRequest, requestId = 164
16:28:47:830  INFO 53969 --- [nacos-grpc-client-executor-1479] com.alibaba.nacos.common.remote.client   : [14a07ad2-058e-4f0c-93c6-8fbfa281e599] Receive server push request, request = ClientDetectionRequest, requestId = 175
16:28:47:830  INFO 53969 --- [nacos-grpc-client-executor-1479] com.alibaba.nacos.common.remote.client   : [14a07ad2-058e-4f0c-93c6-8fbfa281e599] Ack server push request, request = ClientDetectionRequest, requestId = 175
16:44:18:386  INFO 53969 --- [nacos-grpc-client-executor-1486] com.alibaba.nacos.common.remote.client   : [14a07ad2-058e-4f0c-93c6-8fbfa281e599] Receive server push request, request = ClientDetectionRequest, requestId = 186
16:44:18:392  INFO 53969 --- [nacos-grpc-client-executor-1486] com.alibaba.nacos.common.remote.client   : [14a07ad2-058e-4f0c-93c6-8fbfa281e599] Ack server push request, request = ClientDetectionRequest, requestId = 186
17:00:21:984  INFO 53969 --- [nacos-grpc-client-executor-1499] com.alibaba.nacos.common.remote.client   : [14a07ad2-058e-4f0c-93c6-8fbfa281e599] Receive server push request, request = ClientDetectionRequest, requestId = 197
17:00:21:985  INFO 53969 --- [nacos-grpc-client-executor-1499] com.alibaba.nacos.common.remote.client   : [14a07ad2-058e-4f0c-93c6-8fbfa281e599] Ack server push request, request = ClientDetectionRequest, requestId = 197
17:12:15:651  INFO 53969 --- [nacos-grpc-client-executor-1513] com.alibaba.nacos.common.remote.client   : [14a07ad2-058e-4f0c-93c6-8fbfa281e599] Receive server push request, request = ClientDetectionRequest, requestId = 212
17:12:15:652  INFO 53969 --- [nacos-grpc-client-executor-1513] com.alibaba.nacos.common.remote.client   : [14a07ad2-058e-4f0c-93c6-8fbfa281e599] Ack server push request, request = ClientDetectionRequest, requestId = 212
17:29:00:288  INFO 53969 --- [nacos-grpc-client-executor-1520] com.alibaba.nacos.common.remote.client   : [14a07ad2-058e-4f0c-93c6-8fbfa281e599] Receive server push request, request = ClientDetectionRequest, requestId = 223
17:29:00:293  INFO 53969 --- [nacos-grpc-client-executor-1520] com.alibaba.nacos.common.remote.client   : [14a07ad2-058e-4f0c-93c6-8fbfa281e599] Ack server push request, request = ClientDetectionRequest, requestId = 223
17:45:33:112  INFO 53969 --- [nacos-grpc-client-executor-1533] com.alibaba.nacos.common.remote.client   : [14a07ad2-058e-4f0c-93c6-8fbfa281e599] Receive server push request, request = ClientDetectionRequest, requestId = 239
17:45:33:114  INFO 53969 --- [nacos-grpc-client-executor-1533] com.alibaba.nacos.common.remote.client   : [14a07ad2-058e-4f0c-93c6-8fbfa281e599] Ack server push request, request = ClientDetectionRequest, requestId = 239
18:02:08:653  INFO 53969 --- [nacos-grpc-client-executor-1541] com.alibaba.nacos.common.remote.client   : [14a07ad2-058e-4f0c-93c6-8fbfa281e599] Receive server push request, request = ClientDetectionRequest, requestId = 250
18:02:08:654  INFO 53969 --- [nacos-grpc-client-executor-1541] com.alibaba.nacos.common.remote.client   : [14a07ad2-058e-4f0c-93c6-8fbfa281e599] Ack server push request, request = ClientDetectionRequest, requestId = 250
19:58:55:182  WARN 53969 --- [Thread-7] c.a.n.common.http.HttpClientBeanHolder   : [HttpClientBeanHolder] Start destroying common HttpClient
19:58:55:184  WARN 53969 --- [Thread-4] c.a.nacos.common.notify.NotifyCenter     : [NotifyCenter] Start destroying Publisher
19:58:55:184  WARN 53969 --- [Thread-4] c.a.nacos.common.notify.NotifyCenter     : [NotifyCenter] Destruction of the end
19:58:55:186  WARN 53969 --- [Thread-7] c.a.n.common.http.HttpClientBeanHolder   : [HttpClientBeanHolder] Destruction of the end
19:58:56:259  INFO 53969 --- [SpringApplicationShutdownHook] c.a.c.n.registry.NacosServiceRegistry    : De-registering from Nacos Server now...
19:58:56:264  INFO 53969 --- [SpringApplicationShutdownHook] c.a.c.n.registry.NacosServiceRegistry    : De-registration finished.
19:58:56:576  INFO 53969 --- [SpringApplicationShutdownHook] com.alibaba.nacos.common.remote.client   : Shutdown rpc client, set status to shutdown
19:58:56:576  INFO 53969 --- [SpringApplicationShutdownHook] com.alibaba.nacos.common.remote.client   : Shutdown client event executor java.util.concurrent.ScheduledThreadPoolExecutor@663b57e8[Running, pool size = 2, active threads = 2, queued tasks = 0, completed tasks = 0]
19:58:56:576  INFO 53969 --- [SpringApplicationShutdownHook] com.alibaba.nacos.common.remote.client   : Close current connection 1783828435935_192.168.65.1_42719
19:58:56:604  INFO 53969 --- [nacos-grpc-client-executor-2155] c.a.n.c.remote.client.grpc.GrpcClient    : [1783828435935_192.168.65.1_42719]Ignore complete event,isRunning:false,isAbandon=false
19:58:56:614  INFO 53969 --- [SpringApplicationShutdownHook] c.a.n.c.remote.client.grpc.GrpcClient    : Shutdown grpc executor java.util.concurrent.ThreadPoolExecutor@1f8383ed[Running, pool size = 6, active threads = 0, queued tasks = 0, completed tasks = 2156]
