23:10:20:361  INFO 44158 --- [main] com.hmall.item.ItemApplication           : Starting ItemApplication using Java 11.0.31 on bogon with PID 44158 (/Users/suns/IdeaProjects/hmall/item-service/target/classes started by suns in /Users/suns/IdeaProjects/hmall)
23:10:20:362 DEBUG 44158 --- [main] com.hmall.item.ItemApplication           : Running with Spring Boot v2.7.12, Spring v5.3.27
23:10:20:362  INFO 44158 --- [main] com.hmall.item.ItemApplication           : The following 1 profile is active: "local"
23:10:21:023  INFO 44158 --- [main] o.s.b.w.embedded.tomcat.TomcatWebServer  : Tomcat initialized with port(s): 8081 (http)
23:10:21:030  INFO 44158 --- [main] o.apache.catalina.core.StandardService   : Starting service [Tomcat]
23:10:21:030  INFO 44158 --- [main] org.apache.catalina.core.StandardEngine  : Starting Servlet engine: [Apache Tomcat/9.0.75]
23:10:21:129  INFO 44158 --- [main] o.a.c.c.C.[Tomcat].[localhost].[/]       : Initializing Spring embedded WebApplicationContext
23:10:21:130  INFO 44158 --- [main] w.s.c.ServletWebServerApplicationContext : Root WebApplicationContext: initialization completed in 742 ms
23:10:21:637  INFO 44158 --- [main] pertySourcedRequestMappingHandlerMapping : Mapped URL path [/v2/api-docs] onto method [springfox.documentation.swagger2.web.Swagger2ControllerWebMvc#getDocumentation(String, HttpServletRequest)]
23:10:21:692  INFO 44158 --- [main] o.s.b.w.embedded.tomcat.TomcatWebServer  : Tomcat started on port(s): 8081 (http) with context path ''
23:10:21:693  INFO 44158 --- [main] d.s.w.p.DocumentationPluginsBootstrapper : Documentation plugins bootstrapped
23:10:21:694  INFO 44158 --- [main] d.s.w.p.DocumentationPluginsBootstrapper : Found 1 custom documentation plugin(s)
23:10:21:711  INFO 44158 --- [main] s.d.s.w.s.ApiListingReferenceScanner     : Scanning for api listing references
23:10:21:721  INFO 44158 --- [main] com.hmall.item.ItemApplication           : Started ItemApplication in 1.615 seconds (JVM running for 2.822)
23:31:09:012  INFO 45192 --- [main] com.hmall.cart.CartApplication           : Starting CartApplication using Java 11.0.31 on bogon with PID 45192 (/Users/suns/IdeaProjects/hmall/cart-service/target/classes started by suns in /Users/suns/IdeaProjects/hmall)
23:31:09:013 DEBUG 45192 --- [main] com.hmall.cart.CartApplication           : Running with Spring Boot v2.7.12, Spring v5.3.27
23:31:09:014  INFO 45192 --- [main] com.hmall.cart.CartApplication           : The following 1 profile is active: "local"
23:31:09:416  INFO 45192 --- [main] o.s.b.w.embedded.tomcat.TomcatWebServer  : Tomcat initialized with port(s): 8082 (http)
23:31:09:419  INFO 45192 --- [main] o.apache.catalina.core.StandardService   : Starting service [Tomcat]
23:31:09:419  INFO 45192 --- [main] org.apache.catalina.core.StandardEngine  : Starting Servlet engine: [Apache Tomcat/9.0.75]
23:31:09:452  INFO 45192 --- [main] o.a.c.c.C.[Tomcat].[localhost].[/]       : Initializing Spring embedded WebApplicationContext
23:31:09:452  INFO 45192 --- [main] w.s.c.ServletWebServerApplicationContext : Root WebApplicationContext: initialization completed in 422 ms
23:31:09:741  INFO 45192 --- [main] pertySourcedRequestMappingHandlerMapping : Mapped URL path [/v2/api-docs] onto method [springfox.documentation.swagger2.web.Swagger2ControllerWebMvc#getDocumentation(String, HttpServletRequest)]
23:31:09:777  INFO 45192 --- [main] o.s.b.w.embedded.tomcat.TomcatWebServer  : Tomcat started on port(s): 8082 (http) with context path ''
23:31:09:778  INFO 45192 --- [main] d.s.w.p.DocumentationPluginsBootstrapper : Documentation plugins bootstrapped
23:31:09:779  INFO 45192 --- [main] d.s.w.p.DocumentationPluginsBootstrapper : Found 1 custom documentation plugin(s)
23:31:09:799  INFO 45192 --- [main] s.d.s.w.s.ApiListingReferenceScanner     : Scanning for api listing references
23:31:09:838  INFO 45192 --- [main] com.hmall.cart.CartApplication           : Started CartApplication in 0.996 seconds (JVM running for 1.433)
23:34:09:925  INFO 45285 --- [main] com.hmall.cart.CartApplication           : Starting CartApplication using Java 11.0.31 on bogon with PID 45285 (/Users/suns/IdeaProjects/hmall/cart-service/target/classes started by suns in /Users/suns/IdeaProjects/hmall)
23:34:09:926 DEBUG 45285 --- [main] com.hmall.cart.CartApplication           : Running with Spring Boot v2.7.12, Spring v5.3.27
23:34:09:926  INFO 45285 --- [main] com.hmall.cart.CartApplication           : The following 1 profile is active: "local"
23:34:10:387  INFO 45285 --- [main] o.s.b.w.embedded.tomcat.TomcatWebServer  : Tomcat initialized with port(s): 8082 (http)
23:34:10:391  INFO 45285 --- [main] o.apache.catalina.core.StandardService   : Starting service [Tomcat]
23:34:10:391  INFO 45285 --- [main] org.apache.catalina.core.StandardEngine  : Starting Servlet engine: [Apache Tomcat/9.0.75]
23:34:10:426  INFO 45285 --- [main] o.a.c.c.C.[Tomcat].[localhost].[/]       : Initializing Spring embedded WebApplicationContext
23:34:10:426  INFO 45285 --- [main] w.s.c.ServletWebServerApplicationContext : Root WebApplicationContext: initialization completed in 465 ms
23:34:10:705  INFO 45285 --- [main] pertySourcedRequestMappingHandlerMapping : Mapped URL path [/v2/api-docs] onto method [springfox.documentation.swagger2.web.Swagger2ControllerWebMvc#getDocumentation(String, HttpServletRequest)]
23:34:10:741  INFO 45285 --- [main] o.s.b.w.embedded.tomcat.TomcatWebServer  : Tomcat started on port(s): 8082 (http) with context path ''
23:34:10:742  INFO 45285 --- [main] d.s.w.p.DocumentationPluginsBootstrapper : Documentation plugins bootstrapped
23:34:10:743  INFO 45285 --- [main] d.s.w.p.DocumentationPluginsBootstrapper : Found 1 custom documentation plugin(s)
23:34:10:751  INFO 45285 --- [main] s.d.s.w.s.ApiListingReferenceScanner     : Scanning for api listing references
23:34:10:791  INFO 45285 --- [main] com.hmall.cart.CartApplication           : Started CartApplication in 1.023 seconds (JVM running for 1.462)
