00:06:08:296  INFO 11262 --- [nacos-grpc-client-executor-1937] com.alibaba.nacos.common.remote.client   : [98ab7409-385e-4c73-ac7f-ff9c5936893f_config-0] Receive server push request, request = ClientDetectionRequest, requestId = 37
00:06:08:303  INFO 11262 --- [nacos-grpc-client-executor-1937] com.alibaba.nacos.common.remote.client   : [98ab7409-385e-4c73-ac7f-ff9c5936893f_config-0] Ack server push request, request = ClientDetectionRequest, requestId = 37
00:22:33:375  INFO 11262 --- [nacos-grpc-client-executor-1953] com.alibaba.nacos.common.remote.client   : [98ab7409-385e-4c73-ac7f-ff9c5936893f_config-0] Receive server push request, request = ClientDetectionRequest, requestId = 40
00:22:33:377  INFO 11262 --- [nacos-grpc-client-executor-1953] com.alibaba.nacos.common.remote.client   : [98ab7409-385e-4c73-ac7f-ff9c5936893f_config-0] Ack server push request, request = ClientDetectionRequest, requestId = 40
00:38:19:473  INFO 11262 --- [nacos-grpc-client-executor-1960] com.alibaba.nacos.common.remote.client   : [98ab7409-385e-4c73-ac7f-ff9c5936893f_config-0] Receive server push request, request = ClientDetectionRequest, requestId = 43
00:38:19:474  INFO 11262 --- [nacos-grpc-client-executor-1960] com.alibaba.nacos.common.remote.client   : [98ab7409-385e-4c73-ac7f-ff9c5936893f_config-0] Ack server push request, request = ClientDetectionRequest, requestId = 43
00:54:44:517  INFO 11262 --- [nacos-grpc-client-executor-1973] com.alibaba.nacos.common.remote.client   : [98ab7409-385e-4c73-ac7f-ff9c5936893f_config-0] Receive server push request, request = ClientDetectionRequest, requestId = 47
00:54:44:520  INFO 11262 --- [nacos-grpc-client-executor-1973] com.alibaba.nacos.common.remote.client   : [98ab7409-385e-4c73-ac7f-ff9c5936893f_config-0] Ack server push request, request = ClientDetectionRequest, requestId = 47
01:55:39:058  INFO 11262 --- [nacos-grpc-client-executor-2757] com.alibaba.nacos.common.remote.client   : [cbaf253e-37a6-4549-8f64-998366d4bac2] Receive server push request, request = ClientDetectionRequest, requestId = 54
01:55:39:060  INFO 11262 --- [nacos-grpc-client-executor-2757] com.alibaba.nacos.common.remote.client   : [cbaf253e-37a6-4549-8f64-998366d4bac2] Ack server push request, request = ClientDetectionRequest, requestId = 54
01:58:08:944  INFO 11262 --- [nacos-grpc-client-executor-2772] com.alibaba.nacos.common.remote.client   : [cbaf253e-37a6-4549-8f64-998366d4bac2] Receive server push request, request = ClientDetectionRequest, requestId = 62
01:58:08:947  INFO 11262 --- [nacos-grpc-client-executor-2772] com.alibaba.nacos.common.remote.client   : [cbaf253e-37a6-4549-8f64-998366d4bac2] Ack server push request, request = ClientDetectionRequest, requestId = 62
02:39:10:569  INFO 11262 --- [nacos-grpc-client-executor-2784] com.alibaba.nacos.common.remote.client   : [98ab7409-385e-4c73-ac7f-ff9c5936893f_config-0] Receive server push request, request = ClientDetectionRequest, requestId = 81
02:39:10:569  INFO 11262 --- [nacos-grpc-client-executor-2801] com.alibaba.nacos.common.remote.client   : [cbaf253e-37a6-4549-8f64-998366d4bac2] Receive server push request, request = ClientDetectionRequest, requestId = 84
02:39:10:571  INFO 11262 --- [nacos-grpc-client-executor-2801] com.alibaba.nacos.common.remote.client   : [cbaf253e-37a6-4549-8f64-998366d4bac2] Ack server push request, request = ClientDetectionRequest, requestId = 84
02:39:10:571  INFO 11262 --- [nacos-grpc-client-executor-2784] com.alibaba.nacos.common.remote.client   : [98ab7409-385e-4c73-ac7f-ff9c5936893f_config-0] Ack server push request, request = ClientDetectionRequest, requestId = 81
03:55:04:983  INFO 11262 --- [nacos-grpc-client-executor-3554] com.alibaba.nacos.common.remote.client   : [98ab7409-385e-4c73-ac7f-ff9c5936893f_config-0] Receive server push request, request = ClientDetectionRequest, requestId = 90
03:55:04:984  INFO 11262 --- [nacos-grpc-client-executor-3623] com.alibaba.nacos.common.remote.client   : [cbaf253e-37a6-4549-8f64-998366d4bac2] Receive server push request, request = ClientDetectionRequest, requestId = 93
03:55:04:985  INFO 11262 --- [nacos-grpc-client-executor-3623] com.alibaba.nacos.common.remote.client   : [cbaf253e-37a6-4549-8f64-998366d4bac2] Ack server push request, request = ClientDetectionRequest, requestId = 93
03:55:04:985  INFO 11262 --- [nacos-grpc-client-executor-3554] com.alibaba.nacos.common.remote.client   : [98ab7409-385e-4c73-ac7f-ff9c5936893f_config-0] Ack server push request, request = ClientDetectionRequest, requestId = 90
04:10:59:943  INFO 11262 --- [nacos-grpc-client-executor-3630] com.alibaba.nacos.common.remote.client   : [cbaf253e-37a6-4549-8f64-998366d4bac2] Receive server push request, request = ClientDetectionRequest, requestId = 102
04:10:59:945  INFO 11262 --- [nacos-grpc-client-executor-3630] com.alibaba.nacos.common.remote.client   : [cbaf253e-37a6-4549-8f64-998366d4bac2] Ack server push request, request = ClientDetectionRequest, requestId = 102
04:10:59:944  INFO 11262 --- [nacos-grpc-client-executor-3562] com.alibaba.nacos.common.remote.client   : [98ab7409-385e-4c73-ac7f-ff9c5936893f_config-0] Receive server push request, request = ClientDetectionRequest, requestId = 99
04:10:59:947  INFO 11262 --- [nacos-grpc-client-executor-3562] com.alibaba.nacos.common.remote.client   : [98ab7409-385e-4c73-ac7f-ff9c5936893f_config-0] Ack server push request, request = ClientDetectionRequest, requestId = 99
04:27:24:949  INFO 11262 --- [nacos-grpc-client-executor-3645] com.alibaba.nacos.common.remote.client   : [cbaf253e-37a6-4549-8f64-998366d4bac2] Receive server push request, request = ClientDetectionRequest, requestId = 111
04:27:24:952  INFO 11262 --- [nacos-grpc-client-executor-3645] com.alibaba.nacos.common.remote.client   : [cbaf253e-37a6-4549-8f64-998366d4bac2] Ack server push request, request = ClientDetectionRequest, requestId = 111
04:27:24:949  INFO 11262 --- [nacos-grpc-client-executor-3577] com.alibaba.nacos.common.remote.client   : [98ab7409-385e-4c73-ac7f-ff9c5936893f_config-0] Receive server push request, request = ClientDetectionRequest, requestId = 108
04:27:24:953  INFO 11262 --- [nacos-grpc-client-executor-3577] com.alibaba.nacos.common.remote.client   : [98ab7409-385e-4c73-ac7f-ff9c5936893f_config-0] Ack server push request, request = ClientDetectionRequest, requestId = 108
04:40:09:572  INFO 11262 --- [nacos-grpc-client-executor-3652] com.alibaba.nacos.common.remote.client   : [cbaf253e-37a6-4549-8f64-998366d4bac2] Receive server push request, request = ClientDetectionRequest, requestId = 120
04:40:09:573  INFO 11262 --- [nacos-grpc-client-executor-3652] com.alibaba.nacos.common.remote.client   : [cbaf253e-37a6-4549-8f64-998366d4bac2] Ack server push request, request = ClientDetectionRequest, requestId = 120
04:40:09:573  INFO 11262 --- [nacos-grpc-client-executor-3583] com.alibaba.nacos.common.remote.client   : [98ab7409-385e-4c73-ac7f-ff9c5936893f_config-0] Receive server push request, request = ClientDetectionRequest, requestId = 117
04:40:09:573  INFO 11262 --- [nacos-grpc-client-executor-3583] com.alibaba.nacos.common.remote.client   : [98ab7409-385e-4c73-ac7f-ff9c5936893f_config-0] Ack server push request, request = ClientDetectionRequest, requestId = 117
04:57:04:735  INFO 11262 --- [nacos-grpc-client-executor-3673] com.alibaba.nacos.common.remote.client   : [cbaf253e-37a6-4549-8f64-998366d4bac2] Receive server push request, request = ClientDetectionRequest, requestId = 129
04:57:04:732  INFO 11262 --- [nacos-grpc-client-executor-3602] com.alibaba.nacos.common.remote.client   : [98ab7409-385e-4c73-ac7f-ff9c5936893f_config-0] Receive server push request, request = ClientDetectionRequest, requestId = 126
04:57:04:736  INFO 11262 --- [nacos-grpc-client-executor-3673] com.alibaba.nacos.common.remote.client   : [cbaf253e-37a6-4549-8f64-998366d4bac2] Ack server push request, request = ClientDetectionRequest, requestId = 129
04:57:04:736  INFO 11262 --- [nacos-grpc-client-executor-3602] com.alibaba.nacos.common.remote.client   : [98ab7409-385e-4c73-ac7f-ff9c5936893f_config-0] Ack server push request, request = ClientDetectionRequest, requestId = 126
05:12:59:787  INFO 11262 --- [nacos-grpc-client-executor-3610] com.alibaba.nacos.common.remote.client   : [98ab7409-385e-4c73-ac7f-ff9c5936893f_config-0] Receive server push request, request = ClientDetectionRequest, requestId = 136
05:12:59:789  INFO 11262 --- [nacos-grpc-client-executor-3610] com.alibaba.nacos.common.remote.client   : [98ab7409-385e-4c73-ac7f-ff9c5936893f_config-0] Ack server push request, request = ClientDetectionRequest, requestId = 136
05:12:59:809  INFO 11262 --- [nacos-grpc-client-executor-3680] com.alibaba.nacos.common.remote.client   : [cbaf253e-37a6-4549-8f64-998366d4bac2] Receive server push request, request = ClientDetectionRequest, requestId = 141
05:12:59:810  INFO 11262 --- [nacos-grpc-client-executor-3680] com.alibaba.nacos.common.remote.client   : [cbaf253e-37a6-4549-8f64-998366d4bac2] Ack server push request, request = ClientDetectionRequest, requestId = 141
05:29:24:820  INFO 11262 --- [nacos-grpc-client-executor-3623] com.alibaba.nacos.common.remote.client   : [98ab7409-385e-4c73-ac7f-ff9c5936893f_config-0] Receive server push request, request = ClientDetectionRequest, requestId = 145
05:29:24:823  INFO 11262 --- [nacos-grpc-client-executor-3623] com.alibaba.nacos.common.remote.client   : [98ab7409-385e-4c73-ac7f-ff9c5936893f_config-0] Ack server push request, request = ClientDetectionRequest, requestId = 145
06:59:27:742  INFO 11262 --- [http-nio-8083-exec-1] o.a.c.c.C.[Tomcat].[localhost].[/]       : Initializing Spring DispatcherServlet 'dispatcherServlet'
06:59:27:743  INFO 11262 --- [http-nio-8083-exec-1] o.s.web.servlet.DispatcherServlet        : Initializing Servlet 'dispatcherServlet'
06:59:27:748  INFO 11262 --- [http-nio-8083-exec-1] o.s.web.servlet.DispatcherServlet        : Completed initialization in 4 ms
06:59:27:872  INFO 11262 --- [http-nio-8083-exec-1] com.zaxxer.hikari.HikariDataSource       : HikariPool-1 - Starting...
06:59:28:054  INFO 11262 --- [http-nio-8083-exec-1] com.zaxxer.hikari.HikariDataSource       : HikariPool-1 - Start completed.
06:59:28:058 DEBUG 11262 --- [http-nio-8083-exec-1] c.h.user.mapper.UserMapper.selectOne     : ==>  Preparing: SELECT id,username,password,phone,create_time,update_time,status,balance FROM user WHERE (username = ?)
06:59:28:067 DEBUG 11262 --- [http-nio-8083-exec-1] c.h.user.mapper.UserMapper.selectOne     : ==> Parameters: jack(String)
06:59:28:095 DEBUG 11262 --- [http-nio-8083-exec-1] c.h.user.mapper.UserMapper.selectOne     : <==      Total: 1
07:28:42:451  WARN 11262 --- [Thread-1] c.a.n.common.http.HttpClientBeanHolder   : [HttpClientBeanHolder] Start destroying common HttpClient
07:28:42:451  WARN 11262 --- [Thread-5] c.a.nacos.common.notify.NotifyCenter     : [NotifyCenter] Start destroying Publisher
07:28:42:453  WARN 11262 --- [Thread-5] c.a.nacos.common.notify.NotifyCenter     : [NotifyCenter] Destruction of the end
07:28:42:454  WARN 11262 --- [Thread-1] c.a.n.common.http.HttpClientBeanHolder   : [HttpClientBeanHolder] Destruction of the end
07:28:43:530  INFO 11262 --- [SpringApplicationShutdownHook] c.a.c.n.registry.NacosServiceRegistry    : De-registering from Nacos Server now...
07:28:43:535  INFO 11262 --- [SpringApplicationShutdownHook] c.a.c.n.registry.NacosServiceRegistry    : De-registration finished.
07:28:43:845  INFO 11262 --- [SpringApplicationShutdownHook] com.alibaba.nacos.common.remote.client   : Shutdown rpc client, set status to shutdown
07:28:43:846  INFO 11262 --- [SpringApplicationShutdownHook] com.alibaba.nacos.common.remote.client   : Shutdown client event executor java.util.concurrent.ScheduledThreadPoolExecutor@610cb268[Running, pool size = 2, active threads = 2, queued tasks = 0, completed tasks = 0]
07:28:43:846  INFO 11262 --- [SpringApplicationShutdownHook] com.alibaba.nacos.common.remote.client   : Close current connection 1784119658330_192.168.65.1_56808
07:28:43:848  INFO 11262 --- [nacos-grpc-client-executor-5330] c.a.n.c.remote.client.grpc.GrpcClient    : [1784119658330_192.168.65.1_56808]Ignore complete event,isRunning:false,isAbandon=false
07:28:43:850  INFO 11262 --- [SpringApplicationShutdownHook] c.a.n.c.remote.client.grpc.GrpcClient    : Shutdown grpc executor java.util.concurrent.ThreadPoolExecutor@c1a2e4e[Running, pool size = 5, active threads = 0, queued tasks = 0, completed tasks = 5331]
07:28:43:854  INFO 11262 --- [SpringApplicationShutdownHook] com.zaxxer.hikari.HikariDataSource       : HikariPool-1 - Shutdown initiated...
07:28:43:873  INFO 11262 --- [SpringApplicationShutdownHook] com.zaxxer.hikari.HikariDataSource       : HikariPool-1 - Shutdown completed.
21:03:40:644  INFO 95758 --- [main] com.hmall.user.UserApplication           : The following 1 profile is active: "local"
21:03:40:869  INFO 95758 --- [main] .s.d.r.c.RepositoryConfigurationDelegate : Multiple Spring Data modules found, entering strict repository configuration mode
21:03:40:869  INFO 95758 --- [main] .s.d.r.c.RepositoryConfigurationDelegate : Bootstrapping Spring Data Redis repositories in DEFAULT mode.
21:03:40:878  INFO 95758 --- [main] .s.d.r.c.RepositoryConfigurationDelegate : Finished Spring Data repository scanning in 2 ms. Found 0 Redis repository interfaces.
21:03:40:935  INFO 95758 --- [main] o.s.cloud.context.scope.GenericScope     : BeanFactory id=684f87ac-c34f-35f3-bc6d-c9ac27f1428f
21:03:41:039  INFO 95758 --- [main] o.s.b.w.embedded.tomcat.TomcatWebServer  : Tomcat initialized with port(s): 8083 (http)
21:03:41:042  INFO 95758 --- [main] o.apache.catalina.core.StandardService   : Starting service [Tomcat]
21:03:41:042  INFO 95758 --- [main] org.apache.catalina.core.StandardEngine  : Starting Servlet engine: [Apache Tomcat/9.0.75]
21:03:41:075  INFO 95758 --- [main] o.a.c.c.C.[Tomcat].[localhost].[/]       : Initializing Spring embedded WebApplicationContext
21:03:41:075  INFO 95758 --- [main] w.s.c.ServletWebServerApplicationContext : Root WebApplicationContext: initialization completed in 426 ms
21:03:41:525  INFO 95758 --- [main] pertySourcedRequestMappingHandlerMapping : Mapped URL path [/v2/api-docs] onto method [springfox.documentation.swagger2.web.Swagger2ControllerWebMvc#getDocumentation(String, HttpServletRequest)]
21:03:41:688  INFO 95758 --- [main] com.alibaba.nacos.common.remote.client   : [RpcClientFactory] create a new rpc client of 8c09fd49-dc8a-4cd8-9487-9fa12d383e06
21:03:41:688  INFO 95758 --- [main] com.alibaba.nacos.common.remote.client   : [8c09fd49-dc8a-4cd8-9487-9fa12d383e06] RpcClient init label, labels = {module=naming, source=sdk}
21:03:41:688  INFO 95758 --- [main] com.alibaba.nacos.common.remote.client   : [8c09fd49-dc8a-4cd8-9487-9fa12d383e06] RpcClient init, ServerListFactory = com.alibaba.nacos.client.naming.core.ServerListManager
21:03:41:688  INFO 95758 --- [main] com.alibaba.nacos.common.remote.client   : [8c09fd49-dc8a-4cd8-9487-9fa12d383e06] Registry connection listener to current client:com.alibaba.nacos.client.naming.remote.gprc.redo.NamingGrpcRedoService
21:03:41:688  INFO 95758 --- [main] com.alibaba.nacos.common.remote.client   : [8c09fd49-dc8a-4cd8-9487-9fa12d383e06] Register server push request handler:com.alibaba.nacos.client.naming.remote.gprc.NamingPushRequestHandler
21:03:41:689  INFO 95758 --- [main] com.alibaba.nacos.common.remote.client   : [8c09fd49-dc8a-4cd8-9487-9fa12d383e06] Try to connect to server on start up, server: {serverIp = '127.0.0.1', server main port = 8848}
21:03:41:811  INFO 95758 --- [main] com.alibaba.nacos.common.remote.client   : [8c09fd49-dc8a-4cd8-9487-9fa12d383e06] Success to connect to server [127.0.0.1:8848] on start up, connectionId = 1784207021699_192.168.65.1_36561
21:03:41:811  INFO 95758 --- [main] com.alibaba.nacos.common.remote.client   : [8c09fd49-dc8a-4cd8-9487-9fa12d383e06] Register server push request handler:com.alibaba.nacos.common.remote.client.RpcClient$ConnectResetRequestHandler
21:03:41:811  INFO 95758 --- [main] com.alibaba.nacos.common.remote.client   : [8c09fd49-dc8a-4cd8-9487-9fa12d383e06] Register server push request handler:com.alibaba.nacos.common.remote.client.RpcClient$$Lambda$455/0x000000080041dc40
21:03:41:811  INFO 95758 --- [com.alibaba.nacos.client.remote.worker] com.alibaba.nacos.common.remote.client   : [8c09fd49-dc8a-4cd8-9487-9fa12d383e06] Notify connected event to listeners.
21:03:41:840  INFO 95758 --- [main] o.s.b.w.embedded.tomcat.TomcatWebServer  : Tomcat started on port(s): 8083 (http) with context path ''
21:03:41:848  INFO 95758 --- [main] c.a.c.n.registry.NacosServiceRegistry    : nacos registry, DEFAULT_GROUP user-service 192.168.1.8:8083 register finished
21:03:41:850  INFO 95758 --- [main] d.s.w.p.DocumentationPluginsBootstrapper : Documentation plugins bootstrapped
21:03:41:852  INFO 95758 --- [main] d.s.w.p.DocumentationPluginsBootstrapper : Found 1 custom documentation plugin(s)
21:03:41:860  INFO 95758 --- [main] s.d.s.w.s.ApiListingReferenceScanner     : Scanning for api listing references
21:03:41:865  INFO 95758 --- [main] com.hmall.user.UserApplication           : Started UserApplication in 2.125 seconds (JVM running for 2.409)
21:03:41:867  INFO 95758 --- [main] c.a.c.n.refresh.NacosContextRefresher    : [Nacos Config] Listening config: dataId=user-service.yaml, group=DEFAULT_GROUP
21:03:41:867  INFO 95758 --- [main] c.a.c.n.refresh.NacosContextRefresher    : [Nacos Config] Listening config: dataId=user-service-local.yaml, group=DEFAULT_GROUP
21:03:41:867  INFO 95758 --- [main] c.a.c.n.refresh.NacosContextRefresher    : [Nacos Config] Listening config: dataId=user-service, group=DEFAULT_GROUP
21:03:42:371  INFO 95758 --- [nacos-grpc-client-executor-10] com.alibaba.nacos.common.remote.client   : [8c09fd49-dc8a-4cd8-9487-9fa12d383e06] Receive server push request, request = NotifySubscriberRequest, requestId = 175
21:03:42:372  INFO 95758 --- [nacos-grpc-client-executor-10] com.alibaba.nacos.common.remote.client   : [8c09fd49-dc8a-4cd8-9487-9fa12d383e06] Ack server push request, request = NotifySubscriberRequest, requestId = 175
